2020-12-11 17:17:46,654 - 20 - conftest.py - 19 - lemon - INFO - *********测试用例开始执行***********
2020-12-11 17:17:53,320 - 20 - basepage.py - 43 - lemon - INFO - 在登陆页面_账号框 等待元素('xpath', '//input[@name="phone"]')可见
2020-12-11 17:17:53,361 - 20 - basepage.py - 51 - lemon - INFO - ('xpath', '//input[@name="phone"]')元素可见
2020-12-11 17:17:53,362 - 20 - basepage.py - 120 - lemon - INFO - 在登陆页面_账号框 的文本框('xpath', '//input[@name="phone"]')进行输入
2020-12-11 17:17:53,458 - 20 - basepage.py - 128 - lemon - INFO - 输入的内容为：18684720553
2020-12-11 17:17:53,458 - 20 - basepage.py - 43 - lemon - INFO - 在登陆页面_密码框 等待元素('xpath', '//input[@name="password"]')可见
2020-12-11 17:17:53,494 - 20 - basepage.py - 51 - lemon - INFO - ('xpath', '//input[@name="password"]')元素可见
2020-12-11 17:17:53,494 - 20 - basepage.py - 120 - lemon - INFO - 在登陆页面_密码框 的文本框('xpath', '//input[@name="password"]')进行输入
2020-12-11 17:17:53,576 - 20 - basepage.py - 128 - lemon - INFO - 输入的内容为：python
2020-12-11 17:17:53,577 - 20 - basepage.py - 43 - lemon - INFO - 在登陆页面_登录按钮 等待元素('tag name', 'button')可见
2020-12-11 17:17:53,597 - 20 - basepage.py - 51 - lemon - INFO - ('tag name', 'button')元素可见
2020-12-11 17:17:53,598 - 20 - basepage.py - 99 - lemon - INFO - 在登陆页面_登录按钮 点击('tag name', 'button')元素
2020-12-11 17:17:53,644 - 20 - basepage.py - 107 - lemon - INFO - 点击('tag name', 'button')元素成功
2020-12-11 17:17:53,645 - 20 - basepage.py - 43 - lemon - INFO - 在前程贷主页_对第一个标进行点击 等待元素('xpath', '//div[@class="b-unit-list clearfix"]//div[@class="b-unit"][1]//a[text()="抢投标"]')可见
2020-12-11 17:17:56,284 - 20 - basepage.py - 51 - lemon - INFO - ('xpath', '//div[@class="b-unit-list clearfix"]//div[@class="b-unit"][1]//a[text()="抢投标"]')元素可见
2020-12-11 17:17:56,284 - 20 - basepage.py - 99 - lemon - INFO - 在前程贷主页_对第一个标进行点击 点击('xpath', '//div[@class="b-unit-list clearfix"]//div[@class="b-unit"][1]//a[text()="抢投标"]')元素
2020-12-11 17:18:02,498 - 20 - basepage.py - 107 - lemon - INFO - 点击('xpath', '//div[@class="b-unit-list clearfix"]//div[@class="b-unit"][1]//a[text()="抢投标"]')元素成功
2020-12-11 17:18:02,498 - 20 - basepage.py - 43 - lemon - INFO - 在投资页面_获取用户余额 等待元素('xpath', '//div[@class="clearfix left"]//input')可见
2020-12-11 17:18:02,528 - 20 - basepage.py - 51 - lemon - INFO - ('xpath', '//div[@class="clearfix left"]//input')元素可见
2020-12-11 17:18:02,528 - 20 - basepage.py - 142 - lemon - INFO - 在投资页面_获取用户余额 获取('xpath', '//div[@class="clearfix left"]//input')元素的属性
2020-12-11 17:18:02,549 - 20 - basepage.py - 150 - lemon - INFO - 该元素的属性值为:4924906867.98
2020-12-11 17:18:02,549 - 20 - basepage.py - 43 - lemon - INFO - 在投资页面_点击【蜂群/公社】 等待元素('xpath', '//a[text()="蜂群/公社"]')可见
2020-12-11 17:18:02,577 - 20 - basepage.py - 51 - lemon - INFO - ('xpath', '//a[text()="蜂群/公社"]')元素可见
2020-12-11 17:18:02,577 - 20 - basepage.py - 99 - lemon - INFO - 在投资页面_点击【蜂群/公社】 点击('xpath', '//a[text()="蜂群/公社"]')元素
2020-12-11 17:18:04,591 - 20 - basepage.py - 107 - lemon - INFO - 点击('xpath', '//a[text()="蜂群/公社"]')元素成功
2020-12-11 17:18:04,592 - 20 - basepage.py - 43 - lemon - INFO - 在蜂群次页面_将鼠标移动到第一个蜂群上 等待元素('xpath', '//div[@class="cap_box"]//div[@class="top_single mg_left5"]')可见
2020-12-11 17:18:04,619 - 20 - basepage.py - 51 - lemon - INFO - ('xpath', '//div[@class="cap_box"]//div[@class="top_single mg_left5"]')元素可见
2020-12-11 17:18:04,619 - 20 - basepage.py - 59 - lemon - INFO - 在蜂群次页面_将鼠标移动到第一个蜂群上 查找('xpath', '//div[@class="cap_box"]//div[@class="top_single mg_left5"]')元素
2020-12-11 17:18:04,627 - 20 - basepage.py - 67 - lemon - INFO - ('xpath', '//div[@class="cap_box"]//div[@class="top_single mg_left5"]')元素找到，返回值为：<selenium.webdriver.remote.webelement.WebElement (session="3761d508628112af6944713b07c1c2cc", element="c754d196-143b-4314-a064-5dc057b30aad")>
2020-12-11 17:18:04,627 - 20 - basepage.py - 227 - lemon - INFO - 在蜂群次页面_将鼠标移动到第一个蜂群上 将鼠标移动到('xpath', '//div[@class="cap_box"]//div[@class="top_single mg_left5"]')元素上
2020-12-11 17:18:04,891 - 20 - basepage.py - 235 - lemon - INFO - 鼠标移动到元素上操作成功
2020-12-11 17:18:04,891 - 20 - basepage.py - 43 - lemon - INFO - 在蜂群次页面_点击【查看蜂群】按钮 等待元素('xpath', '//div[@class="capital_tit"]/parent::*//div[@class="top_single mg_left5"]//a')可见
2020-12-11 17:18:04,915 - 20 - basepage.py - 51 - lemon - INFO - ('xpath', '//div[@class="capital_tit"]/parent::*//div[@class="top_single mg_left5"]//a')元素可见
2020-12-11 17:18:04,915 - 20 - basepage.py - 99 - lemon - INFO - 在蜂群次页面_点击【查看蜂群】按钮 点击('xpath', '//div[@class="capital_tit"]/parent::*//div[@class="top_single mg_left5"]//a')元素
2020-12-11 17:18:04,992 - 20 - basepage.py - 107 - lemon - INFO - 点击('xpath', '//div[@class="capital_tit"]/parent::*//div[@class="top_single mg_left5"]//a')元素成功
2020-12-11 17:18:04,998 - 20 - basepage.py - 265 - lemon - INFO - 在蜂群次页面_切换窗口 进行切换窗口
2020-12-11 17:18:05,006 - 20 - basepage.py - 273 - lemon - INFO - 切换窗口成功
2020-12-11 17:18:05,006 - 20 - basepage.py - 43 - lemon - INFO - 在蜂群主页面_获取公产规模 等待元素('xpath', '//div[@class="examine_info_right examine_info_border width_div150"]//div')可见
2020-12-11 17:18:07,048 - 20 - basepage.py - 51 - lemon - INFO - ('xpath', '//div[@class="examine_info_right examine_info_border width_div150"]//div')元素可见
2020-12-11 17:18:07,048 - 20 - basepage.py - 163 - lemon - INFO - 在蜂群主页面_获取公产规模 获取('xpath', '//div[@class="examine_info_right examine_info_border width_div150"]//div')元素的文本值
2020-12-11 17:18:07,069 - 20 - basepage.py - 171 - lemon - INFO - 该元素的文本值为：211.00元
2020-12-11 17:18:07,069 - 20 - basepage.py - 43 - lemon - INFO - 在蜂群主页面_点击【敲门红包】 等待元素('xpath', '//button[@class="red_packet"]')可见
2020-12-11 17:18:07,093 - 20 - basepage.py - 51 - lemon - INFO - ('xpath', '//button[@class="red_packet"]')元素可见
2020-12-11 17:18:07,093 - 20 - basepage.py - 99 - lemon - INFO - 在蜂群主页面_点击【敲门红包】 点击('xpath', '//button[@class="red_packet"]')元素
2020-12-11 17:18:07,139 - 20 - basepage.py - 107 - lemon - INFO - 点击('xpath', '//button[@class="red_packet"]')元素成功
2020-12-11 17:18:07,139 - 20 - basepage.py - 43 - lemon - INFO - 在蜂群主页面_选择五元红包 等待元素('xpath', '//div[@id="layui-layer1"]//div[@data-value="5"]')可见
2020-12-11 17:18:07,676 - 20 - basepage.py - 51 - lemon - INFO - ('xpath', '//div[@id="layui-layer1"]//div[@data-value="5"]')元素可见
2020-12-11 17:18:07,676 - 20 - basepage.py - 99 - lemon - INFO - 在蜂群主页面_选择五元红包 点击('xpath', '//div[@id="layui-layer1"]//div[@data-value="5"]')元素
2020-12-11 17:18:07,718 - 20 - basepage.py - 107 - lemon - INFO - 点击('xpath', '//div[@id="layui-layer1"]//div[@data-value="5"]')元素成功
2020-12-11 17:18:07,720 - 20 - basepage.py - 43 - lemon - INFO - 在蜂群主页面_点击【确定】按钮发送红包 等待元素('xpath', '//div[@id="layui-layer1"]//button[@class="reward_ok btn btn-special"]')可见
2020-12-11 17:18:07,743 - 20 - basepage.py - 51 - lemon - INFO - ('xpath', '//div[@id="layui-layer1"]//button[@class="reward_ok btn btn-special"]')元素可见
2020-12-11 17:18:07,743 - 20 - basepage.py - 99 - lemon - INFO - 在蜂群主页面_点击【确定】按钮发送红包 点击('xpath', '//div[@id="layui-layer1"]//button[@class="reward_ok btn btn-special"]')元素
2020-12-11 17:18:07,789 - 20 - basepage.py - 107 - lemon - INFO - 点击('xpath', '//div[@id="layui-layer1"]//button[@class="reward_ok btn btn-special"]')元素成功
2020-12-11 17:18:08,290 - 20 - basepage.py - 43 - lemon - INFO - 在蜂群主页面_获取发送红包后的提示 等待元素('xpath', '//div[@class="layui-layer-content"]')可见
2020-12-11 17:18:08,315 - 20 - basepage.py - 51 - lemon - INFO - ('xpath', '//div[@class="layui-layer-content"]')元素可见
2020-12-11 17:18:08,315 - 20 - basepage.py - 163 - lemon - INFO - 在蜂群主页面_获取发送红包后的提示 获取('xpath', '//div[@class="layui-layer-content"]')元素的文本值
2020-12-11 17:18:08,337 - 20 - basepage.py - 171 - lemon - INFO - 该元素的文本值为：打赏成功
2020-12-11 17:18:09,409 - 20 - basepage.py - 43 - lemon - INFO - 在蜂群主页面_获取公产规模 等待元素('xpath', '//div[@class="examine_info_right examine_info_border width_div150"]//div')可见
2020-12-11 17:18:09,438 - 20 - basepage.py - 51 - lemon - INFO - ('xpath', '//div[@class="examine_info_right examine_info_border width_div150"]//div')元素可见
2020-12-11 17:18:09,438 - 20 - basepage.py - 163 - lemon - INFO - 在蜂群主页面_获取公产规模 获取('xpath', '//div[@class="examine_info_right examine_info_border width_div150"]//div')元素的文本值
2020-12-11 17:18:09,462 - 20 - basepage.py - 171 - lemon - INFO - 该元素的文本值为：216.00元
2020-12-11 17:18:09,462 - 20 - basepage.py - 43 - lemon - INFO - 在蜂群主页面_点击【申请加入】 等待元素('xpath', '//button[@class="apply_join"]')可见
2020-12-11 17:18:09,488 - 20 - basepage.py - 51 - lemon - INFO - ('xpath', '//button[@class="apply_join"]')元素可见
2020-12-11 17:18:09,488 - 20 - basepage.py - 99 - lemon - INFO - 在蜂群主页面_点击【申请加入】 点击('xpath', '//button[@class="apply_join"]')元素
2020-12-11 17:18:09,540 - 20 - basepage.py - 107 - lemon - INFO - 点击('xpath', '//button[@class="apply_join"]')元素成功
2020-12-11 17:18:09,540 - 20 - basepage.py - 43 - lemon - INFO - 在蜂群主页面_点击【确定】申请加入蜂群 等待元素('xpath', '//a[@class="layui-layer-btn0"]')可见
2020-12-11 17:18:10,083 - 20 - basepage.py - 51 - lemon - INFO - ('xpath', '//a[@class="layui-layer-btn0"]')元素可见
2020-12-11 17:18:10,083 - 20 - basepage.py - 99 - lemon - INFO - 在蜂群主页面_点击【确定】申请加入蜂群 点击('xpath', '//a[@class="layui-layer-btn0"]')元素
2020-12-11 17:18:10,134 - 20 - basepage.py - 107 - lemon - INFO - 点击('xpath', '//a[@class="layui-layer-btn0"]')元素成功
2020-12-11 17:18:10,635 - 20 - basepage.py - 43 - lemon - INFO - 在蜂群主页面_获取申请加入后的提示 等待元素('xpath', '//div[@class="layui-layer-content"]')可见
2020-12-11 17:18:10,657 - 20 - basepage.py - 51 - lemon - INFO - ('xpath', '//div[@class="layui-layer-content"]')元素可见
2020-12-11 17:18:10,657 - 20 - basepage.py - 163 - lemon - INFO - 在蜂群主页面_获取申请加入后的提示 获取('xpath', '//div[@class="layui-layer-content"]')元素的文本值
2020-12-11 17:18:10,679 - 20 - basepage.py - 171 - lemon - INFO - 该元素的文本值为：您已经申请过该蜂群, 请耐心等待群主审核!
2020-12-11 17:18:10,679 - 20 - basepage.py - 43 - lemon - INFO - 在蜂群主页面_点击首页按钮 等待元素('xpath', '//div[@class="navlist clearfix fs-18"]//a[text()="首页"]')可见
2020-12-11 17:18:10,704 - 20 - basepage.py - 51 - lemon - INFO - ('xpath', '//div[@class="navlist clearfix fs-18"]//a[text()="首页"]')元素可见
2020-12-11 17:18:10,704 - 20 - basepage.py - 99 - lemon - INFO - 在蜂群主页面_点击首页按钮 点击('xpath', '//div[@class="navlist clearfix fs-18"]//a[text()="首页"]')元素
2020-12-11 17:18:11,303 - 20 - basepage.py - 107 - lemon - INFO - 点击('xpath', '//div[@class="navlist clearfix fs-18"]//a[text()="首页"]')元素成功
2020-12-11 17:18:11,303 - 20 - basepage.py - 43 - lemon - INFO - 在前程贷主页_对第一个标进行点击 等待元素('xpath', '//div[@class="b-unit-list clearfix"]//div[@class="b-unit"][1]//a[text()="抢投标"]')可见
2020-12-11 17:18:11,331 - 20 - basepage.py - 51 - lemon - INFO - ('xpath', '//div[@class="b-unit-list clearfix"]//div[@class="b-unit"][1]//a[text()="抢投标"]')元素可见
2020-12-11 17:18:11,332 - 20 - basepage.py - 99 - lemon - INFO - 在前程贷主页_对第一个标进行点击 点击('xpath', '//div[@class="b-unit-list clearfix"]//div[@class="b-unit"][1]//a[text()="抢投标"]')元素
2020-12-11 17:18:16,356 - 20 - basepage.py - 107 - lemon - INFO - 点击('xpath', '//div[@class="b-unit-list clearfix"]//div[@class="b-unit"][1]//a[text()="抢投标"]')元素成功
2020-12-11 17:18:16,356 - 20 - basepage.py - 43 - lemon - INFO - 在投资页面_获取用户余额 等待元素('xpath', '//div[@class="clearfix left"]//input')可见
2020-12-11 17:18:16,387 - 20 - basepage.py - 51 - lemon - INFO - ('xpath', '//div[@class="clearfix left"]//input')元素可见
2020-12-11 17:18:16,387 - 20 - basepage.py - 142 - lemon - INFO - 在投资页面_获取用户余额 获取('xpath', '//div[@class="clearfix left"]//input')元素的属性
2020-12-11 17:18:16,407 - 20 - basepage.py - 150 - lemon - INFO - 该元素的属性值为:4924906862.98
2020-12-11 17:18:16,407 - 20 - test_bee.py - 110 - lemon - INFO - 执行测试用例成功
2020-12-11 17:18:16,452 - 20 - conftest.py - 25 - lemon - INFO - *********测试用例执行结束***********
