2020-11-28 18:13:49,876 - 20 - test_bee.py - 35 - lemon - INFO - **********测试用例开始执行***********
2020-11-28 18:13:56,954 - 20 - basepage.py - 44 - lemon - INFO - 在登陆页面_账号框 等待元素('xpath', '//input[@name="phone"]')可见
2020-11-28 18:13:56,981 - 20 - basepage.py - 52 - lemon - INFO - ('xpath', '//input[@name="phone"]')元素可见
2020-11-28 18:13:56,981 - 20 - basepage.py - 121 - lemon - INFO - 在登陆页面_账号框 的文本框('xpath', '//input[@name="phone"]')进行输入
2020-11-28 18:13:57,079 - 20 - basepage.py - 129 - lemon - INFO - 输入的内容为：18684720553
2020-11-28 18:13:57,079 - 20 - basepage.py - 44 - lemon - INFO - 在登陆页面_密码框 等待元素('xpath', '//input[@name="password"]')可见
2020-11-28 18:13:57,126 - 20 - basepage.py - 52 - lemon - INFO - ('xpath', '//input[@name="password"]')元素可见
2020-11-28 18:13:57,126 - 20 - basepage.py - 121 - lemon - INFO - 在登陆页面_密码框 的文本框('xpath', '//input[@name="password"]')进行输入
2020-11-28 18:13:57,205 - 20 - basepage.py - 129 - lemon - INFO - 输入的内容为：python
2020-11-28 18:13:57,205 - 20 - basepage.py - 44 - lemon - INFO - 在登陆页面_登录按钮 等待元素('tag name', 'button')可见
2020-11-28 18:13:57,224 - 20 - basepage.py - 52 - lemon - INFO - ('tag name', 'button')元素可见
2020-11-28 18:13:57,224 - 20 - basepage.py - 100 - lemon - INFO - 在登陆页面_登录按钮 点击('tag name', 'button')元素
2020-11-28 18:13:57,272 - 20 - basepage.py - 108 - lemon - INFO - 点击('tag name', 'button')元素成功
2020-11-28 18:13:57,272 - 20 - basepage.py - 44 - lemon - INFO - 在前程贷主页_对第一个标进行点击 等待元素('xpath', '//div[@class="b-unit-list clearfix"]//div[@class="b-unit"][1]//a[text()="抢投标"]')可见
2020-11-28 18:13:59,860 - 20 - basepage.py - 52 - lemon - INFO - ('xpath', '//div[@class="b-unit-list clearfix"]//div[@class="b-unit"][1]//a[text()="抢投标"]')元素可见
2020-11-28 18:13:59,860 - 20 - basepage.py - 100 - lemon - INFO - 在前程贷主页_对第一个标进行点击 点击('xpath', '//div[@class="b-unit-list clearfix"]//div[@class="b-unit"][1]//a[text()="抢投标"]')元素
2020-11-28 18:14:04,278 - 20 - basepage.py - 108 - lemon - INFO - 点击('xpath', '//div[@class="b-unit-list clearfix"]//div[@class="b-unit"][1]//a[text()="抢投标"]')元素成功
2020-11-28 18:14:04,279 - 20 - basepage.py - 44 - lemon - INFO - 在投资页面_获取用户余额 等待元素('xpath', '//div[@class="clearfix left"]//input')可见
2020-11-28 18:14:04,309 - 20 - basepage.py - 52 - lemon - INFO - ('xpath', '//div[@class="clearfix left"]//input')元素可见
2020-11-28 18:14:04,309 - 20 - basepage.py - 143 - lemon - INFO - 在投资页面_获取用户余额 获取('xpath', '//div[@class="clearfix left"]//input')元素的属性
2020-11-28 18:14:04,326 - 20 - basepage.py - 151 - lemon - INFO - 该元素的属性值为:4925540103.89
2020-11-28 18:14:04,326 - 20 - basepage.py - 44 - lemon - INFO - 在投资页面_点击【蜂群/公社】 等待元素('xpath', '//a[text()="蜂群/公社"]')可见
2020-11-28 18:14:04,352 - 20 - basepage.py - 52 - lemon - INFO - ('xpath', '//a[text()="蜂群/公社"]')元素可见
2020-11-28 18:14:04,352 - 20 - basepage.py - 100 - lemon - INFO - 在投资页面_点击【蜂群/公社】 点击('xpath', '//a[text()="蜂群/公社"]')元素
2020-11-28 18:14:05,703 - 20 - basepage.py - 108 - lemon - INFO - 点击('xpath', '//a[text()="蜂群/公社"]')元素成功
2020-11-28 18:14:05,703 - 20 - basepage.py - 44 - lemon - INFO - 在蜂群次页面_将鼠标移动到第一个蜂群上 等待元素('xpath', '//div[@class="cap_box"]//div[@class="top_single mg_left5"]')可见
2020-11-28 18:14:05,730 - 20 - basepage.py - 52 - lemon - INFO - ('xpath', '//div[@class="cap_box"]//div[@class="top_single mg_left5"]')元素可见
2020-11-28 18:14:05,730 - 20 - basepage.py - 60 - lemon - INFO - 在蜂群次页面_将鼠标移动到第一个蜂群上 查找('xpath', '//div[@class="cap_box"]//div[@class="top_single mg_left5"]')元素
2020-11-28 18:14:05,738 - 20 - basepage.py - 68 - lemon - INFO - ('xpath', '//div[@class="cap_box"]//div[@class="top_single mg_left5"]')元素找到，返回值为：<selenium.webdriver.remote.webelement.WebElement (session="1dcf8499299ae948533b5a112d8f7a30", element="f98f60a6-c6d0-4557-8895-c7105cbffe69")>
2020-11-28 18:14:05,738 - 20 - basepage.py - 228 - lemon - INFO - 在蜂群次页面_将鼠标移动到第一个蜂群上 将鼠标移动到('xpath', '//div[@class="cap_box"]//div[@class="top_single mg_left5"]')元素上
2020-11-28 18:14:06,014 - 20 - basepage.py - 236 - lemon - INFO - 鼠标移动到元素上操作成功
2020-11-28 18:14:06,014 - 20 - basepage.py - 44 - lemon - INFO - 在蜂群次页面_点击【查看蜂群】按钮 等待元素('xpath', '//div[@class="capital_tit"]/parent::*//div[@class="top_single mg_left5"]//a')可见
2020-11-28 18:14:06,037 - 20 - basepage.py - 52 - lemon - INFO - ('xpath', '//div[@class="capital_tit"]/parent::*//div[@class="top_single mg_left5"]//a')元素可见
2020-11-28 18:14:06,037 - 20 - basepage.py - 100 - lemon - INFO - 在蜂群次页面_点击【查看蜂群】按钮 点击('xpath', '//div[@class="capital_tit"]/parent::*//div[@class="top_single mg_left5"]//a')元素
2020-11-28 18:14:06,111 - 20 - basepage.py - 108 - lemon - INFO - 点击('xpath', '//div[@class="capital_tit"]/parent::*//div[@class="top_single mg_left5"]//a')元素成功
2020-11-28 18:14:06,119 - 20 - basepage.py - 266 - lemon - INFO - 在蜂群次页面_切换窗口 进行切换窗口
2020-11-28 18:14:06,128 - 20 - basepage.py - 274 - lemon - INFO - 切换窗口成功
2020-11-28 18:14:06,128 - 20 - basepage.py - 44 - lemon - INFO - 在蜂群主页面_获取公产规模 等待元素('xpath', '//div[@class="examine_info_right examine_info_border width_div150"]//div')可见
2020-11-28 18:14:08,174 - 20 - basepage.py - 52 - lemon - INFO - ('xpath', '//div[@class="examine_info_right examine_info_border width_div150"]//div')元素可见
2020-11-28 18:14:08,175 - 20 - basepage.py - 164 - lemon - INFO - 在蜂群主页面_获取公产规模 获取('xpath', '//div[@class="examine_info_right examine_info_border width_div150"]//div')元素的文本值
2020-11-28 18:14:08,197 - 20 - basepage.py - 172 - lemon - INFO - 该元素的文本值为：151.00元
2020-11-28 18:14:08,197 - 20 - basepage.py - 44 - lemon - INFO - 在蜂群主页面_点击【敲门红包】 等待元素('xpath', '//button[@class="red_packet"]')可见
2020-11-28 18:14:08,221 - 20 - basepage.py - 52 - lemon - INFO - ('xpath', '//button[@class="red_packet"]')元素可见
2020-11-28 18:14:08,221 - 20 - basepage.py - 100 - lemon - INFO - 在蜂群主页面_点击【敲门红包】 点击('xpath', '//button[@class="red_packet"]')元素
2020-11-28 18:14:08,263 - 20 - basepage.py - 108 - lemon - INFO - 点击('xpath', '//button[@class="red_packet"]')元素成功
2020-11-28 18:14:08,263 - 20 - basepage.py - 44 - lemon - INFO - 在蜂群主页面_选择五元红包 等待元素('xpath', '//div[@id="layui-layer1"]//div[@data-value="5"]')可见
2020-11-28 18:14:08,796 - 20 - basepage.py - 52 - lemon - INFO - ('xpath', '//div[@id="layui-layer1"]//div[@data-value="5"]')元素可见
2020-11-28 18:14:08,796 - 20 - basepage.py - 100 - lemon - INFO - 在蜂群主页面_选择五元红包 点击('xpath', '//div[@id="layui-layer1"]//div[@data-value="5"]')元素
2020-11-28 18:14:08,836 - 20 - basepage.py - 108 - lemon - INFO - 点击('xpath', '//div[@id="layui-layer1"]//div[@data-value="5"]')元素成功
2020-11-28 18:14:08,836 - 20 - basepage.py - 44 - lemon - INFO - 在蜂群主页面_点击【确定】按钮发送红包 等待元素('xpath', '//div[@id="layui-layer1"]//button[@class="reward_ok btn btn-special"]')可见
2020-11-28 18:14:08,859 - 20 - basepage.py - 52 - lemon - INFO - ('xpath', '//div[@id="layui-layer1"]//button[@class="reward_ok btn btn-special"]')元素可见
2020-11-28 18:14:08,859 - 20 - basepage.py - 100 - lemon - INFO - 在蜂群主页面_点击【确定】按钮发送红包 点击('xpath', '//div[@id="layui-layer1"]//button[@class="reward_ok btn btn-special"]')元素
2020-11-28 18:14:08,898 - 20 - basepage.py - 108 - lemon - INFO - 点击('xpath', '//div[@id="layui-layer1"]//button[@class="reward_ok btn btn-special"]')元素成功
2020-11-28 18:14:09,399 - 20 - basepage.py - 44 - lemon - INFO - 在蜂群主页面_获取发送红包后的提示 等待元素('xpath', '//div[@class="layui-layer-content"]')可见
2020-11-28 18:14:09,420 - 20 - basepage.py - 52 - lemon - INFO - ('xpath', '//div[@class="layui-layer-content"]')元素可见
2020-11-28 18:14:09,420 - 20 - basepage.py - 164 - lemon - INFO - 在蜂群主页面_获取发送红包后的提示 获取('xpath', '//div[@class="layui-layer-content"]')元素的文本值
2020-11-28 18:14:09,442 - 20 - basepage.py - 172 - lemon - INFO - 该元素的文本值为：打赏成功
2020-11-28 18:14:10,123 - 20 - basepage.py - 44 - lemon - INFO - 在蜂群主页面_获取公产规模 等待元素('xpath', '//div[@class="examine_info_right examine_info_border width_div150"]//div')可见
2020-11-28 18:14:10,145 - 20 - basepage.py - 52 - lemon - INFO - ('xpath', '//div[@class="examine_info_right examine_info_border width_div150"]//div')元素可见
2020-11-28 18:14:10,145 - 20 - basepage.py - 164 - lemon - INFO - 在蜂群主页面_获取公产规模 获取('xpath', '//div[@class="examine_info_right examine_info_border width_div150"]//div')元素的文本值
2020-11-28 18:14:10,166 - 20 - basepage.py - 172 - lemon - INFO - 该元素的文本值为：156.00元
2020-11-28 18:14:10,166 - 20 - basepage.py - 44 - lemon - INFO - 在蜂群主页面_点击【申请加入】 等待元素('xpath', '//button[@class="apply_join"]')可见
2020-11-28 18:14:10,186 - 20 - basepage.py - 52 - lemon - INFO - ('xpath', '//button[@class="apply_join"]')元素可见
2020-11-28 18:14:10,186 - 20 - basepage.py - 100 - lemon - INFO - 在蜂群主页面_点击【申请加入】 点击('xpath', '//button[@class="apply_join"]')元素
2020-11-28 18:14:10,226 - 20 - basepage.py - 108 - lemon - INFO - 点击('xpath', '//button[@class="apply_join"]')元素成功
2020-11-28 18:14:10,226 - 20 - basepage.py - 44 - lemon - INFO - 在蜂群主页面_点击【确定】申请加入蜂群 等待元素('xpath', '//a[@class="layui-layer-btn0"]')可见
2020-11-28 18:14:10,764 - 20 - basepage.py - 52 - lemon - INFO - ('xpath', '//a[@class="layui-layer-btn0"]')元素可见
2020-11-28 18:14:10,764 - 20 - basepage.py - 100 - lemon - INFO - 在蜂群主页面_点击【确定】申请加入蜂群 点击('xpath', '//a[@class="layui-layer-btn0"]')元素
2020-11-28 18:14:10,808 - 20 - basepage.py - 108 - lemon - INFO - 点击('xpath', '//a[@class="layui-layer-btn0"]')元素成功
2020-11-28 18:14:11,308 - 20 - basepage.py - 44 - lemon - INFO - 在蜂群主页面_获取申请加入后的提示 等待元素('xpath', '//div[@class="layui-layer-content"]')可见
2020-11-28 18:14:11,326 - 20 - basepage.py - 52 - lemon - INFO - ('xpath', '//div[@class="layui-layer-content"]')元素可见
2020-11-28 18:14:11,326 - 20 - basepage.py - 164 - lemon - INFO - 在蜂群主页面_获取申请加入后的提示 获取('xpath', '//div[@class="layui-layer-content"]')元素的文本值
2020-11-28 18:14:11,348 - 20 - basepage.py - 172 - lemon - INFO - 该元素的文本值为：您已经申请过该蜂群, 请耐心等待群主审核!
2020-11-28 18:14:11,348 - 20 - basepage.py - 44 - lemon - INFO - 在蜂群主页面_点击首页按钮 等待元素('xpath', '//div[@class="navlist clearfix fs-18"]//a[text()="首页"]')可见
2020-11-28 18:14:11,371 - 20 - basepage.py - 52 - lemon - INFO - ('xpath', '//div[@class="navlist clearfix fs-18"]//a[text()="首页"]')元素可见
2020-11-28 18:14:11,371 - 20 - basepage.py - 100 - lemon - INFO - 在蜂群主页面_点击首页按钮 点击('xpath', '//div[@class="navlist clearfix fs-18"]//a[text()="首页"]')元素
2020-11-28 18:14:11,943 - 20 - basepage.py - 108 - lemon - INFO - 点击('xpath', '//div[@class="navlist clearfix fs-18"]//a[text()="首页"]')元素成功
2020-11-28 18:14:11,943 - 20 - basepage.py - 44 - lemon - INFO - 在前程贷主页_对第一个标进行点击 等待元素('xpath', '//div[@class="b-unit-list clearfix"]//div[@class="b-unit"][1]//a[text()="抢投标"]')可见
2020-11-28 18:14:11,972 - 20 - basepage.py - 52 - lemon - INFO - ('xpath', '//div[@class="b-unit-list clearfix"]//div[@class="b-unit"][1]//a[text()="抢投标"]')元素可见
2020-11-28 18:14:11,972 - 20 - basepage.py - 100 - lemon - INFO - 在前程贷主页_对第一个标进行点击 点击('xpath', '//div[@class="b-unit-list clearfix"]//div[@class="b-unit"][1]//a[text()="抢投标"]')元素
2020-11-28 18:14:16,374 - 20 - basepage.py - 108 - lemon - INFO - 点击('xpath', '//div[@class="b-unit-list clearfix"]//div[@class="b-unit"][1]//a[text()="抢投标"]')元素成功
2020-11-28 18:14:16,375 - 20 - basepage.py - 44 - lemon - INFO - 在投资页面_获取用户余额 等待元素('xpath', '//div[@class="clearfix left"]//input')可见
2020-11-28 18:14:16,405 - 20 - basepage.py - 52 - lemon - INFO - ('xpath', '//div[@class="clearfix left"]//input')元素可见
2020-11-28 18:14:16,405 - 20 - basepage.py - 143 - lemon - INFO - 在投资页面_获取用户余额 获取('xpath', '//div[@class="clearfix left"]//input')元素的属性
2020-11-28 18:14:16,424 - 20 - basepage.py - 151 - lemon - INFO - 该元素的属性值为:4925540098.89
2020-11-28 18:14:16,424 - 20 - test_bee.py - 108 - lemon - INFO - 执行测试用例成功
2020-11-28 18:14:16,425 - 20 - test_bee.py - 46 - lemon - INFO - **********测试用例结束***********
