2020-12-11 17:14:16,453 - 20 - conftest.py - 19 - lemon - INFO - *********测试用例开始执行***********
2020-12-11 17:14:24,555 - 20 - basepage.py - 43 - lemon - INFO - 在登陆页面_账号框 等待元素('xpath', '//input[@name="phone"]')可见
2020-12-11 17:14:24,585 - 20 - basepage.py - 51 - lemon - INFO - ('xpath', '//input[@name="phone"]')元素可见
2020-12-11 17:14:24,585 - 20 - basepage.py - 120 - lemon - INFO - 在登陆页面_账号框 的文本框('xpath', '//input[@name="phone"]')进行输入
2020-12-11 17:14:24,674 - 20 - basepage.py - 128 - lemon - INFO - 输入的内容为：18684720553
2020-12-11 17:14:24,674 - 20 - basepage.py - 43 - lemon - INFO - 在登陆页面_密码框 等待元素('xpath', '//input[@name="password"]')可见
2020-12-11 17:14:24,722 - 20 - basepage.py - 51 - lemon - INFO - ('xpath', '//input[@name="password"]')元素可见
2020-12-11 17:14:24,722 - 20 - basepage.py - 120 - lemon - INFO - 在登陆页面_密码框 的文本框('xpath', '//input[@name="password"]')进行输入
2020-12-11 17:14:24,833 - 20 - basepage.py - 128 - lemon - INFO - 输入的内容为：python
2020-12-11 17:14:24,833 - 20 - basepage.py - 43 - lemon - INFO - 在登陆页面_登录按钮 等待元素('tag name', 'button')可见
2020-12-11 17:14:24,863 - 20 - basepage.py - 51 - lemon - INFO - ('tag name', 'button')元素可见
2020-12-11 17:14:24,863 - 20 - basepage.py - 99 - lemon - INFO - 在登陆页面_登录按钮 点击('tag name', 'button')元素
2020-12-11 17:14:24,924 - 20 - basepage.py - 107 - lemon - INFO - 点击('tag name', 'button')元素成功
2020-12-11 17:14:24,924 - 20 - basepage.py - 43 - lemon - INFO - 在前程贷主页_对第一个标进行点击 等待元素('xpath', '//div[@class="b-unit-list clearfix"]//div[@class="b-unit"][1]//a[text()="抢投标"]')可见
2020-12-11 17:14:29,657 - 20 - basepage.py - 51 - lemon - INFO - ('xpath', '//div[@class="b-unit-list clearfix"]//div[@class="b-unit"][1]//a[text()="抢投标"]')元素可见
2020-12-11 17:14:29,657 - 20 - basepage.py - 99 - lemon - INFO - 在前程贷主页_对第一个标进行点击 点击('xpath', '//div[@class="b-unit-list clearfix"]//div[@class="b-unit"][1]//a[text()="抢投标"]')元素
2020-12-11 17:14:34,900 - 20 - basepage.py - 107 - lemon - INFO - 点击('xpath', '//div[@class="b-unit-list clearfix"]//div[@class="b-unit"][1]//a[text()="抢投标"]')元素成功
2020-12-11 17:14:34,900 - 20 - basepage.py - 43 - lemon - INFO - 在投资页面_获取用户余额 等待元素('xpath', '//div[@class="clearfix left"]//input')可见
2020-12-11 17:14:34,934 - 20 - basepage.py - 51 - lemon - INFO - ('xpath', '//div[@class="clearfix left"]//input')元素可见
2020-12-11 17:14:34,934 - 20 - basepage.py - 142 - lemon - INFO - 在投资页面_获取用户余额 获取('xpath', '//div[@class="clearfix left"]//input')元素的属性
2020-12-11 17:14:34,956 - 20 - basepage.py - 150 - lemon - INFO - 该元素的属性值为:4924906872.98
2020-12-11 17:14:34,956 - 20 - basepage.py - 43 - lemon - INFO - 在投资页面_点击【蜂群/公社】 等待元素('xpath', '//a[text()="蜂群/公社"]')可见
2020-12-11 17:14:34,986 - 20 - basepage.py - 51 - lemon - INFO - ('xpath', '//a[text()="蜂群/公社"]')元素可见
2020-12-11 17:14:34,986 - 20 - basepage.py - 99 - lemon - INFO - 在投资页面_点击【蜂群/公社】 点击('xpath', '//a[text()="蜂群/公社"]')元素
2020-12-11 17:14:36,623 - 20 - basepage.py - 107 - lemon - INFO - 点击('xpath', '//a[text()="蜂群/公社"]')元素成功
2020-12-11 17:14:36,623 - 20 - basepage.py - 43 - lemon - INFO - 在蜂群次页面_将鼠标移动到第一个蜂群上 等待元素('xpath', '//div[@class="cap_box"]//div[@class="top_single mg_left5"]')可见
2020-12-11 17:14:36,652 - 20 - basepage.py - 51 - lemon - INFO - ('xpath', '//div[@class="cap_box"]//div[@class="top_single mg_left5"]')元素可见
2020-12-11 17:14:36,652 - 20 - basepage.py - 59 - lemon - INFO - 在蜂群次页面_将鼠标移动到第一个蜂群上 查找('xpath', '//div[@class="cap_box"]//div[@class="top_single mg_left5"]')元素
2020-12-11 17:14:36,661 - 20 - basepage.py - 67 - lemon - INFO - ('xpath', '//div[@class="cap_box"]//div[@class="top_single mg_left5"]')元素找到，返回值为：<selenium.webdriver.remote.webelement.WebElement (session="c648741c4aa284417a4635b9217f92b8", element="c436a39a-586d-4227-aaf6-15478cdcbcff")>
2020-12-11 17:14:36,661 - 20 - basepage.py - 227 - lemon - INFO - 在蜂群次页面_将鼠标移动到第一个蜂群上 将鼠标移动到('xpath', '//div[@class="cap_box"]//div[@class="top_single mg_left5"]')元素上
2020-12-11 17:14:36,926 - 20 - basepage.py - 235 - lemon - INFO - 鼠标移动到元素上操作成功
2020-12-11 17:14:36,926 - 20 - basepage.py - 43 - lemon - INFO - 在蜂群次页面_点击【查看蜂群】按钮 等待元素('xpath', '//div[@class="capital_tit"]/parent::*//div[@class="top_single mg_left5"]//a')可见
2020-12-11 17:14:36,951 - 20 - basepage.py - 51 - lemon - INFO - ('xpath', '//div[@class="capital_tit"]/parent::*//div[@class="top_single mg_left5"]//a')元素可见
2020-12-11 17:14:36,951 - 20 - basepage.py - 99 - lemon - INFO - 在蜂群次页面_点击【查看蜂群】按钮 点击('xpath', '//div[@class="capital_tit"]/parent::*//div[@class="top_single mg_left5"]//a')元素
2020-12-11 17:14:37,029 - 20 - basepage.py - 107 - lemon - INFO - 点击('xpath', '//div[@class="capital_tit"]/parent::*//div[@class="top_single mg_left5"]//a')元素成功
2020-12-11 17:14:37,035 - 20 - basepage.py - 265 - lemon - INFO - 在蜂群次页面_切换窗口 进行切换窗口
2020-12-11 17:14:37,047 - 20 - basepage.py - 273 - lemon - INFO - 切换窗口成功
2020-12-11 17:14:37,047 - 20 - basepage.py - 43 - lemon - INFO - 在蜂群主页面_获取公产规模 等待元素('xpath', '//div[@class="examine_info_right examine_info_border width_div150"]//div')可见
2020-12-11 17:14:39,085 - 20 - basepage.py - 51 - lemon - INFO - ('xpath', '//div[@class="examine_info_right examine_info_border width_div150"]//div')元素可见
2020-12-11 17:14:39,085 - 20 - basepage.py - 163 - lemon - INFO - 在蜂群主页面_获取公产规模 获取('xpath', '//div[@class="examine_info_right examine_info_border width_div150"]//div')元素的文本值
2020-12-11 17:14:39,110 - 20 - basepage.py - 171 - lemon - INFO - 该元素的文本值为：206.00元
2020-12-11 17:14:39,110 - 20 - basepage.py - 43 - lemon - INFO - 在蜂群主页面_点击【敲门红包】 等待元素('xpath', '//button[@class="red_packet"]')可见
2020-12-11 17:14:39,136 - 20 - basepage.py - 51 - lemon - INFO - ('xpath', '//button[@class="red_packet"]')元素可见
2020-12-11 17:14:39,136 - 20 - basepage.py - 99 - lemon - INFO - 在蜂群主页面_点击【敲门红包】 点击('xpath', '//button[@class="red_packet"]')元素
2020-12-11 17:14:39,184 - 20 - basepage.py - 107 - lemon - INFO - 点击('xpath', '//button[@class="red_packet"]')元素成功
2020-12-11 17:14:39,184 - 20 - basepage.py - 43 - lemon - INFO - 在蜂群主页面_选择五元红包 等待元素('xpath', '//div[@id="layui-layer1"]//div[@data-value="5"]')可见
2020-12-11 17:14:39,722 - 20 - basepage.py - 51 - lemon - INFO - ('xpath', '//div[@id="layui-layer1"]//div[@data-value="5"]')元素可见
2020-12-11 17:14:39,722 - 20 - basepage.py - 99 - lemon - INFO - 在蜂群主页面_选择五元红包 点击('xpath', '//div[@id="layui-layer1"]//div[@data-value="5"]')元素
2020-12-11 17:14:39,765 - 20 - basepage.py - 107 - lemon - INFO - 点击('xpath', '//div[@id="layui-layer1"]//div[@data-value="5"]')元素成功
2020-12-11 17:14:39,765 - 20 - basepage.py - 43 - lemon - INFO - 在蜂群主页面_点击【确定】按钮发送红包 等待元素('xpath', '//div[@id="layui-layer1"]//button[@class="reward_ok btn btn-special"]')可见
2020-12-11 17:14:39,791 - 20 - basepage.py - 51 - lemon - INFO - ('xpath', '//div[@id="layui-layer1"]//button[@class="reward_ok btn btn-special"]')元素可见
2020-12-11 17:14:39,791 - 20 - basepage.py - 99 - lemon - INFO - 在蜂群主页面_点击【确定】按钮发送红包 点击('xpath', '//div[@id="layui-layer1"]//button[@class="reward_ok btn btn-special"]')元素
2020-12-11 17:14:39,834 - 20 - basepage.py - 107 - lemon - INFO - 点击('xpath', '//div[@id="layui-layer1"]//button[@class="reward_ok btn btn-special"]')元素成功
2020-12-11 17:14:40,335 - 20 - basepage.py - 43 - lemon - INFO - 在蜂群主页面_获取发送红包后的提示 等待元素('xpath', '//div[@class="layui-layer-content"]')可见
2020-12-11 17:14:40,358 - 20 - basepage.py - 51 - lemon - INFO - ('xpath', '//div[@class="layui-layer-content"]')元素可见
2020-12-11 17:14:40,358 - 20 - basepage.py - 163 - lemon - INFO - 在蜂群主页面_获取发送红包后的提示 获取('xpath', '//div[@class="layui-layer-content"]')元素的文本值
2020-12-11 17:14:40,387 - 20 - basepage.py - 171 - lemon - INFO - 该元素的文本值为：打赏成功
2020-12-11 17:14:41,219 - 20 - basepage.py - 43 - lemon - INFO - 在蜂群主页面_获取公产规模 等待元素('xpath', '//div[@class="examine_info_right examine_info_border width_div150"]//div')可见
2020-12-11 17:14:41,243 - 20 - basepage.py - 51 - lemon - INFO - ('xpath', '//div[@class="examine_info_right examine_info_border width_div150"]//div')元素可见
2020-12-11 17:14:41,243 - 20 - basepage.py - 163 - lemon - INFO - 在蜂群主页面_获取公产规模 获取('xpath', '//div[@class="examine_info_right examine_info_border width_div150"]//div')元素的文本值
2020-12-11 17:14:41,267 - 20 - basepage.py - 171 - lemon - INFO - 该元素的文本值为：211.00元
2020-12-11 17:14:41,267 - 20 - basepage.py - 43 - lemon - INFO - 在蜂群主页面_点击【申请加入】 等待元素('xpath', '//button[@class="apply_join"]')可见
2020-12-11 17:14:41,292 - 20 - basepage.py - 51 - lemon - INFO - ('xpath', '//button[@class="apply_join"]')元素可见
2020-12-11 17:14:41,292 - 20 - basepage.py - 99 - lemon - INFO - 在蜂群主页面_点击【申请加入】 点击('xpath', '//button[@class="apply_join"]')元素
2020-12-11 17:14:41,341 - 20 - basepage.py - 107 - lemon - INFO - 点击('xpath', '//button[@class="apply_join"]')元素成功
2020-12-11 17:14:41,342 - 20 - basepage.py - 43 - lemon - INFO - 在蜂群主页面_点击【确定】申请加入蜂群 等待元素('xpath', '//a[@class="layui-layer-btn0"]')可见
2020-12-11 17:14:41,883 - 20 - basepage.py - 51 - lemon - INFO - ('xpath', '//a[@class="layui-layer-btn0"]')元素可见
2020-12-11 17:14:41,883 - 20 - basepage.py - 99 - lemon - INFO - 在蜂群主页面_点击【确定】申请加入蜂群 点击('xpath', '//a[@class="layui-layer-btn0"]')元素
2020-12-11 17:14:41,927 - 20 - basepage.py - 107 - lemon - INFO - 点击('xpath', '//a[@class="layui-layer-btn0"]')元素成功
2020-12-11 17:14:42,428 - 20 - basepage.py - 43 - lemon - INFO - 在蜂群主页面_获取申请加入后的提示 等待元素('xpath', '//div[@class="layui-layer-content"]')可见
2020-12-11 17:14:42,448 - 20 - basepage.py - 51 - lemon - INFO - ('xpath', '//div[@class="layui-layer-content"]')元素可见
2020-12-11 17:14:42,448 - 20 - basepage.py - 163 - lemon - INFO - 在蜂群主页面_获取申请加入后的提示 获取('xpath', '//div[@class="layui-layer-content"]')元素的文本值
2020-12-11 17:14:42,469 - 20 - basepage.py - 171 - lemon - INFO - 该元素的文本值为：您已经申请过该蜂群, 请耐心等待群主审核!
2020-12-11 17:14:42,469 - 20 - basepage.py - 43 - lemon - INFO - 在蜂群主页面_点击首页按钮 等待元素('xpath', '//div[@class="navlist clearfix fs-18"]//a[text()="首页"]')可见
2020-12-11 17:14:42,492 - 20 - basepage.py - 51 - lemon - INFO - ('xpath', '//div[@class="navlist clearfix fs-18"]//a[text()="首页"]')元素可见
2020-12-11 17:14:42,493 - 20 - basepage.py - 99 - lemon - INFO - 在蜂群主页面_点击首页按钮 点击('xpath', '//div[@class="navlist clearfix fs-18"]//a[text()="首页"]')元素
2020-12-11 17:14:42,949 - 20 - basepage.py - 107 - lemon - INFO - 点击('xpath', '//div[@class="navlist clearfix fs-18"]//a[text()="首页"]')元素成功
2020-12-11 17:14:42,949 - 20 - basepage.py - 43 - lemon - INFO - 在前程贷主页_对第一个标进行点击 等待元素('xpath', '//div[@class="b-unit-list clearfix"]//div[@class="b-unit"][1]//a[text()="抢投标"]')可见
2020-12-11 17:14:42,975 - 20 - basepage.py - 51 - lemon - INFO - ('xpath', '//div[@class="b-unit-list clearfix"]//div[@class="b-unit"][1]//a[text()="抢投标"]')元素可见
2020-12-11 17:14:42,975 - 20 - basepage.py - 99 - lemon - INFO - 在前程贷主页_对第一个标进行点击 点击('xpath', '//div[@class="b-unit-list clearfix"]//div[@class="b-unit"][1]//a[text()="抢投标"]')元素
2020-12-11 17:14:47,241 - 20 - basepage.py - 107 - lemon - INFO - 点击('xpath', '//div[@class="b-unit-list clearfix"]//div[@class="b-unit"][1]//a[text()="抢投标"]')元素成功
2020-12-11 17:14:47,241 - 20 - basepage.py - 43 - lemon - INFO - 在投资页面_获取用户余额 等待元素('xpath', '//div[@class="clearfix left"]//input')可见
2020-12-11 17:14:47,268 - 20 - basepage.py - 51 - lemon - INFO - ('xpath', '//div[@class="clearfix left"]//input')元素可见
2020-12-11 17:14:47,268 - 20 - basepage.py - 142 - lemon - INFO - 在投资页面_获取用户余额 获取('xpath', '//div[@class="clearfix left"]//input')元素的属性
2020-12-11 17:14:47,288 - 20 - basepage.py - 150 - lemon - INFO - 该元素的属性值为:4924906867.98
2020-12-11 17:14:47,374 - 20 - test_bee.py - 110 - lemon - INFO - 执行测试用例成功
2020-12-11 17:14:47,435 - 20 - conftest.py - 25 - lemon - INFO - *********测试用例执行结束***********
