2020-11-28 17:23:34,647 - 20 - test_bee.py - 34 - lemon - INFO - **********测试用例开始执行***********
2020-11-28 17:23:41,485 - 20 - basepage.py - 44 - lemon - INFO - 在登陆页面_账号框 等待元素('xpath', '//input[@name="phone"]')可见
2020-11-28 17:23:41,524 - 20 - basepage.py - 52 - lemon - INFO - ('xpath', '//input[@name="phone"]')元素可见
2020-11-28 17:23:41,524 - 20 - basepage.py - 121 - lemon - INFO - 在登陆页面_账号框 的文本框('xpath', '//input[@name="phone"]')进行输入
2020-11-28 17:23:41,619 - 20 - basepage.py - 129 - lemon - INFO - 输入的内容为：18684720553
2020-11-28 17:23:41,619 - 20 - basepage.py - 44 - lemon - INFO - 在登陆页面_密码框 等待元素('xpath', '//input[@name="password"]')可见
2020-11-28 17:23:41,681 - 20 - basepage.py - 52 - lemon - INFO - ('xpath', '//input[@name="password"]')元素可见
2020-11-28 17:23:41,681 - 20 - basepage.py - 121 - lemon - INFO - 在登陆页面_密码框 的文本框('xpath', '//input[@name="password"]')进行输入
2020-11-28 17:23:41,784 - 20 - basepage.py - 129 - lemon - INFO - 输入的内容为：python
2020-11-28 17:23:41,784 - 20 - basepage.py - 44 - lemon - INFO - 在登陆页面_登录按钮 等待元素('tag name', 'button')可见
2020-11-28 17:23:41,815 - 20 - basepage.py - 52 - lemon - INFO - ('tag name', 'button')元素可见
2020-11-28 17:23:41,815 - 20 - basepage.py - 100 - lemon - INFO - 在登陆页面_登录按钮 点击('tag name', 'button')元素
2020-11-28 17:23:41,868 - 20 - basepage.py - 108 - lemon - INFO - 点击('tag name', 'button')元素成功
2020-11-28 17:23:41,868 - 20 - basepage.py - 44 - lemon - INFO - 在前程贷主页_对第一个标进行点击 等待元素('xpath', '//div[@class="b-unit-list clearfix"]//div[@class="b-unit"][1]//a[text()="抢投标"]')可见
2020-11-28 17:23:44,115 - 20 - basepage.py - 52 - lemon - INFO - ('xpath', '//div[@class="b-unit-list clearfix"]//div[@class="b-unit"][1]//a[text()="抢投标"]')元素可见
2020-11-28 17:23:44,115 - 20 - basepage.py - 100 - lemon - INFO - 在前程贷主页_对第一个标进行点击 点击('xpath', '//div[@class="b-unit-list clearfix"]//div[@class="b-unit"][1]//a[text()="抢投标"]')元素
2020-11-28 17:23:48,675 - 20 - basepage.py - 108 - lemon - INFO - 点击('xpath', '//div[@class="b-unit-list clearfix"]//div[@class="b-unit"][1]//a[text()="抢投标"]')元素成功
2020-11-28 17:23:48,675 - 20 - basepage.py - 44 - lemon - INFO - 在投资页面_获取用户余额 等待元素('xpath', '//div[@class="clearfix left"]//input')可见
2020-11-28 17:23:48,708 - 20 - basepage.py - 52 - lemon - INFO - ('xpath', '//div[@class="clearfix left"]//input')元素可见
2020-11-28 17:23:48,708 - 20 - basepage.py - 143 - lemon - INFO - 在投资页面_获取用户余额 获取('xpath', '//div[@class="clearfix left"]//input')元素的属性
2020-11-28 17:23:48,727 - 20 - basepage.py - 151 - lemon - INFO - 该元素的属性值为:4925540543.89
2020-11-28 17:23:48,727 - 20 - basepage.py - 44 - lemon - INFO - 在投资页面_点击【首页】 等待元素('xpath', '//div[@class="header "]//a[text()="投标"]')可见
2020-11-28 17:23:48,752 - 20 - basepage.py - 52 - lemon - INFO - ('xpath', '//div[@class="header "]//a[text()="投标"]')元素可见
2020-11-28 17:23:48,752 - 20 - basepage.py - 100 - lemon - INFO - 在投资页面_点击【首页】 点击('xpath', '//div[@class="header "]//a[text()="投标"]')元素
2020-11-28 17:23:49,364 - 20 - basepage.py - 108 - lemon - INFO - 点击('xpath', '//div[@class="header "]//a[text()="投标"]')元素成功
2020-11-28 17:23:49,364 - 20 - basepage.py - 44 - lemon - INFO - 在蜂群次页面_点击【查看蜂群】按钮 等待元素('xpath', '//div[@class="capital_tit"]/parent::*//div[@class="top_single mg_left5"]//a')可见
2020-11-28 17:24:09,869 - 20 - basepage.py - 214 - lemon - INFO - 当前截图存储在:e:\github\web_auto_frame_study\recode\screenshot\蜂群次页面_点击【查看蜂群】按钮_20-11-28 17_24_09.png
2020-11-28 17:24:09,869 - 40 - basepage.py - 49 - lemon - ERROR - 等待('xpath', '//div[@class="capital_tit"]/parent::*//div[@class="top_single mg_left5"]//a')元素可见失败
Traceback (most recent call last):
  File "e:\github\web_auto_frame_study\common\basepage.py", line 46, in wait_ele_visible
    WebDriverWait(self.driver,timeout,poll_time).until(EC.visibility_of_element_located(loc))
  File "E:\Python3.8\lib\site-packages\selenium\webdriver\support\wait.py", line 80, in until
    raise TimeoutException(message, screen, stacktrace)
selenium.common.exceptions.TimeoutException: Message: 

2020-11-28 17:24:09,870 - 20 - test_bee.py - 45 - lemon - INFO - **********测试用例结束***********
