2020-11-28 17:40:41,642 - 20 - test_bee.py - 35 - lemon - INFO - **********测试用例开始执行***********
2020-11-28 17:40:48,685 - 20 - basepage.py - 44 - lemon - INFO - 在登陆页面_账号框 等待元素('xpath', '//input[@name="phone"]')可见
2020-11-28 17:40:48,718 - 20 - basepage.py - 52 - lemon - INFO - ('xpath', '//input[@name="phone"]')元素可见
2020-11-28 17:40:48,718 - 20 - basepage.py - 121 - lemon - INFO - 在登陆页面_账号框 的文本框('xpath', '//input[@name="phone"]')进行输入
2020-11-28 17:40:48,847 - 20 - basepage.py - 129 - lemon - INFO - 输入的内容为：18684720553
2020-11-28 17:40:48,847 - 20 - basepage.py - 44 - lemon - INFO - 在登陆页面_密码框 等待元素('xpath', '//input[@name="password"]')可见
2020-11-28 17:40:48,887 - 20 - basepage.py - 52 - lemon - INFO - ('xpath', '//input[@name="password"]')元素可见
2020-11-28 17:40:48,887 - 20 - basepage.py - 121 - lemon - INFO - 在登陆页面_密码框 的文本框('xpath', '//input[@name="password"]')进行输入
2020-11-28 17:40:49,000 - 20 - basepage.py - 129 - lemon - INFO - 输入的内容为：python
2020-11-28 17:40:49,001 - 20 - basepage.py - 44 - lemon - INFO - 在登陆页面_登录按钮 等待元素('tag name', 'button')可见
2020-11-28 17:40:49,032 - 20 - basepage.py - 52 - lemon - INFO - ('tag name', 'button')元素可见
2020-11-28 17:40:49,032 - 20 - basepage.py - 100 - lemon - INFO - 在登陆页面_登录按钮 点击('tag name', 'button')元素
2020-11-28 17:40:49,101 - 20 - basepage.py - 108 - lemon - INFO - 点击('tag name', 'button')元素成功
2020-11-28 17:40:49,101 - 20 - basepage.py - 44 - lemon - INFO - 在前程贷主页_对第一个标进行点击 等待元素('xpath', '//div[@class="b-unit-list clearfix"]//div[@class="b-unit"][1]//a[text()="抢投标"]')可见
2020-11-28 17:40:51,982 - 20 - basepage.py - 52 - lemon - INFO - ('xpath', '//div[@class="b-unit-list clearfix"]//div[@class="b-unit"][1]//a[text()="抢投标"]')元素可见
2020-11-28 17:40:51,982 - 20 - basepage.py - 100 - lemon - INFO - 在前程贷主页_对第一个标进行点击 点击('xpath', '//div[@class="b-unit-list clearfix"]//div[@class="b-unit"][1]//a[text()="抢投标"]')元素
2020-11-28 17:40:56,167 - 20 - basepage.py - 108 - lemon - INFO - 点击('xpath', '//div[@class="b-unit-list clearfix"]//div[@class="b-unit"][1]//a[text()="抢投标"]')元素成功
2020-11-28 17:40:56,167 - 20 - basepage.py - 44 - lemon - INFO - 在投资页面_获取用户余额 等待元素('xpath', '//div[@class="clearfix left"]//input')可见
2020-11-28 17:40:56,201 - 20 - basepage.py - 52 - lemon - INFO - ('xpath', '//div[@class="clearfix left"]//input')元素可见
2020-11-28 17:40:56,201 - 20 - basepage.py - 143 - lemon - INFO - 在投资页面_获取用户余额 获取('xpath', '//div[@class="clearfix left"]//input')元素的属性
2020-11-28 17:40:56,225 - 20 - basepage.py - 151 - lemon - INFO - 该元素的属性值为:4925540143.89
2020-11-28 17:40:56,225 - 20 - basepage.py - 44 - lemon - INFO - 在投资页面_点击【蜂群/公社】 等待元素('xpath', '//a[text()="蜂群/公社"]')可见
2020-11-28 17:40:56,252 - 20 - basepage.py - 52 - lemon - INFO - ('xpath', '//a[text()="蜂群/公社"]')元素可见
2020-11-28 17:40:56,252 - 20 - basepage.py - 100 - lemon - INFO - 在投资页面_点击【蜂群/公社】 点击('xpath', '//a[text()="蜂群/公社"]')元素
2020-11-28 17:40:57,172 - 20 - basepage.py - 108 - lemon - INFO - 点击('xpath', '//a[text()="蜂群/公社"]')元素成功
2020-11-28 17:40:57,172 - 20 - basepage.py - 44 - lemon - INFO - 在蜂群次页面_将鼠标移动到第一个蜂群上 等待元素('xpath', '//div[@class="cap_box"]//div[@class="top_single mg_left5"]')可见
2020-11-28 17:40:57,204 - 20 - basepage.py - 52 - lemon - INFO - ('xpath', '//div[@class="cap_box"]//div[@class="top_single mg_left5"]')元素可见
2020-11-28 17:40:57,204 - 20 - basepage.py - 60 - lemon - INFO - 在蜂群次页面_将鼠标移动到第一个蜂群上 查找('xpath', '//div[@class="cap_box"]//div[@class="top_single mg_left5"]')元素
2020-11-28 17:40:57,213 - 20 - basepage.py - 68 - lemon - INFO - ('xpath', '//div[@class="cap_box"]//div[@class="top_single mg_left5"]')元素找到，返回值为：<selenium.webdriver.remote.webelement.WebElement (session="dd5450ffb1462f6d36bff79c40adfa14", element="944f9874-1f44-4ec9-81b4-097bc60919bc")>
2020-11-28 17:40:57,213 - 20 - basepage.py - 228 - lemon - INFO - 在蜂群次页面_将鼠标移动到第一个蜂群上 将鼠标移动到('xpath', '//div[@class="cap_box"]//div[@class="top_single mg_left5"]')元素上
2020-11-28 17:40:57,477 - 20 - basepage.py - 236 - lemon - INFO - 鼠标移动到元素上操作成功
2020-11-28 17:40:57,477 - 20 - basepage.py - 44 - lemon - INFO - 在蜂群次页面_点击【查看蜂群】按钮 等待元素('xpath', '//div[@class="capital_tit"]/parent::*//div[@class="top_single mg_left5"]//a')可见
2020-11-28 17:40:57,501 - 20 - basepage.py - 52 - lemon - INFO - ('xpath', '//div[@class="capital_tit"]/parent::*//div[@class="top_single mg_left5"]//a')元素可见
2020-11-28 17:40:57,501 - 20 - basepage.py - 100 - lemon - INFO - 在蜂群次页面_点击【查看蜂群】按钮 点击('xpath', '//div[@class="capital_tit"]/parent::*//div[@class="top_single mg_left5"]//a')元素
2020-11-28 17:40:57,592 - 20 - basepage.py - 108 - lemon - INFO - 点击('xpath', '//div[@class="capital_tit"]/parent::*//div[@class="top_single mg_left5"]//a')元素成功
2020-11-28 17:40:57,598 - 20 - basepage.py - 266 - lemon - INFO - 在蜂群次页面_切换窗口 进行切换窗口
2020-11-28 17:40:57,611 - 20 - basepage.py - 274 - lemon - INFO - 切换窗口成功
2020-11-28 17:40:57,611 - 20 - basepage.py - 44 - lemon - INFO - 在蜂群主页面_获取公产规模 等待元素('xpath', '//div[@class="examine_info_right examine_info_border width_div150"]//div')可见
2020-11-28 17:40:59,655 - 20 - basepage.py - 52 - lemon - INFO - ('xpath', '//div[@class="examine_info_right examine_info_border width_div150"]//div')元素可见
2020-11-28 17:40:59,655 - 20 - basepage.py - 164 - lemon - INFO - 在蜂群主页面_获取公产规模 获取('xpath', '//div[@class="examine_info_right examine_info_border width_div150"]//div')元素的文本值
2020-11-28 17:40:59,678 - 20 - basepage.py - 172 - lemon - INFO - 该元素的文本值为：111.00元
2020-11-28 17:40:59,679 - 20 - basepage.py - 44 - lemon - INFO - 在蜂群主页面_点击【申请加入】 等待元素('xpath', '//button[@class="apply_join"]')可见
2020-11-28 17:40:59,704 - 20 - basepage.py - 52 - lemon - INFO - ('xpath', '//button[@class="apply_join"]')元素可见
2020-11-28 17:40:59,704 - 20 - basepage.py - 100 - lemon - INFO - 在蜂群主页面_点击【申请加入】 点击('xpath', '//button[@class="apply_join"]')元素
2020-11-28 17:40:59,753 - 20 - basepage.py - 108 - lemon - INFO - 点击('xpath', '//button[@class="apply_join"]')元素成功
2020-11-28 17:40:59,753 - 20 - basepage.py - 44 - lemon - INFO - 在蜂群主页面_选择五元红包 等待元素('xpath', '//div[@id="layui-layer1"]//div[@data-value="5"]')可见
2020-11-28 17:41:31,998 - 20 - basepage.py - 214 - lemon - INFO - 当前截图存储在:e:\github\web_auto_frame_study\recode\screenshot\蜂群主页面_选择五元红包_20-11-28 17_41_20.png
2020-11-28 17:41:31,998 - 40 - basepage.py - 49 - lemon - ERROR - 等待('xpath', '//div[@id="layui-layer1"]//div[@data-value="5"]')元素可见失败
Traceback (most recent call last):
  File "e:\github\web_auto_frame_study\common\basepage.py", line 46, in wait_ele_visible
    WebDriverWait(self.driver,timeout,poll_time).until(EC.visibility_of_element_located(loc))
  File "E:\Python3.8\lib\site-packages\selenium\webdriver\support\wait.py", line 80, in until
    raise TimeoutException(message, screen, stacktrace)
selenium.common.exceptions.TimeoutException: Message: 

2020-11-28 17:41:31,999 - 20 - test_bee.py - 46 - lemon - INFO - **********测试用例结束***********
