2020-11-28 17:47:34,463 - 20 - test_bee.py - 35 - lemon - INFO - **********测试用例开始执行***********
2020-11-28 17:47:41,292 - 20 - basepage.py - 44 - lemon - INFO - 在登陆页面_账号框 等待元素('xpath', '//input[@name="phone"]')可见
2020-11-28 17:47:41,327 - 20 - basepage.py - 52 - lemon - INFO - ('xpath', '//input[@name="phone"]')元素可见
2020-11-28 17:47:41,327 - 20 - basepage.py - 121 - lemon - INFO - 在登陆页面_账号框 的文本框('xpath', '//input[@name="phone"]')进行输入
2020-11-28 17:47:41,473 - 20 - basepage.py - 129 - lemon - INFO - 输入的内容为：18684720553
2020-11-28 17:47:41,473 - 20 - basepage.py - 44 - lemon - INFO - 在登陆页面_密码框 等待元素('xpath', '//input[@name="password"]')可见
2020-11-28 17:47:41,509 - 20 - basepage.py - 52 - lemon - INFO - ('xpath', '//input[@name="password"]')元素可见
2020-11-28 17:47:41,509 - 20 - basepage.py - 121 - lemon - INFO - 在登陆页面_密码框 的文本框('xpath', '//input[@name="password"]')进行输入
2020-11-28 17:47:41,626 - 20 - basepage.py - 129 - lemon - INFO - 输入的内容为：python
2020-11-28 17:47:41,627 - 20 - basepage.py - 44 - lemon - INFO - 在登陆页面_登录按钮 等待元素('tag name', 'button')可见
2020-11-28 17:47:41,655 - 20 - basepage.py - 52 - lemon - INFO - ('tag name', 'button')元素可见
2020-11-28 17:47:41,655 - 20 - basepage.py - 100 - lemon - INFO - 在登陆页面_登录按钮 点击('tag name', 'button')元素
2020-11-28 17:47:41,725 - 20 - basepage.py - 108 - lemon - INFO - 点击('tag name', 'button')元素成功
2020-11-28 17:47:41,725 - 20 - basepage.py - 44 - lemon - INFO - 在前程贷主页_对第一个标进行点击 等待元素('xpath', '//div[@class="b-unit-list clearfix"]//div[@class="b-unit"][1]//a[text()="抢投标"]')可见
2020-11-28 17:47:43,890 - 20 - basepage.py - 52 - lemon - INFO - ('xpath', '//div[@class="b-unit-list clearfix"]//div[@class="b-unit"][1]//a[text()="抢投标"]')元素可见
2020-11-28 17:47:43,890 - 20 - basepage.py - 100 - lemon - INFO - 在前程贷主页_对第一个标进行点击 点击('xpath', '//div[@class="b-unit-list clearfix"]//div[@class="b-unit"][1]//a[text()="抢投标"]')元素
2020-11-28 17:47:48,609 - 20 - basepage.py - 108 - lemon - INFO - 点击('xpath', '//div[@class="b-unit-list clearfix"]//div[@class="b-unit"][1]//a[text()="抢投标"]')元素成功
2020-11-28 17:47:48,609 - 20 - basepage.py - 44 - lemon - INFO - 在投资页面_获取用户余额 等待元素('xpath', '//div[@class="clearfix left"]//input')可见
2020-11-28 17:47:48,642 - 20 - basepage.py - 52 - lemon - INFO - ('xpath', '//div[@class="clearfix left"]//input')元素可见
2020-11-28 17:47:48,642 - 20 - basepage.py - 143 - lemon - INFO - 在投资页面_获取用户余额 获取('xpath', '//div[@class="clearfix left"]//input')元素的属性
2020-11-28 17:47:48,662 - 20 - basepage.py - 151 - lemon - INFO - 该元素的属性值为:4925540143.89
2020-11-28 17:47:48,662 - 20 - basepage.py - 44 - lemon - INFO - 在投资页面_点击【蜂群/公社】 等待元素('xpath', '//a[text()="蜂群/公社"]')可见
2020-11-28 17:47:48,689 - 20 - basepage.py - 52 - lemon - INFO - ('xpath', '//a[text()="蜂群/公社"]')元素可见
2020-11-28 17:47:48,689 - 20 - basepage.py - 100 - lemon - INFO - 在投资页面_点击【蜂群/公社】 点击('xpath', '//a[text()="蜂群/公社"]')元素
2020-11-28 17:47:49,543 - 20 - basepage.py - 108 - lemon - INFO - 点击('xpath', '//a[text()="蜂群/公社"]')元素成功
2020-11-28 17:47:49,543 - 20 - basepage.py - 44 - lemon - INFO - 在蜂群次页面_将鼠标移动到第一个蜂群上 等待元素('xpath', '//div[@class="cap_box"]//div[@class="top_single mg_left5"]')可见
2020-11-28 17:47:49,581 - 20 - basepage.py - 52 - lemon - INFO - ('xpath', '//div[@class="cap_box"]//div[@class="top_single mg_left5"]')元素可见
2020-11-28 17:47:49,581 - 20 - basepage.py - 60 - lemon - INFO - 在蜂群次页面_将鼠标移动到第一个蜂群上 查找('xpath', '//div[@class="cap_box"]//div[@class="top_single mg_left5"]')元素
2020-11-28 17:47:49,591 - 20 - basepage.py - 68 - lemon - INFO - ('xpath', '//div[@class="cap_box"]//div[@class="top_single mg_left5"]')元素找到，返回值为：<selenium.webdriver.remote.webelement.WebElement (session="1f5f24914fd46672157e8262f321afc3", element="e03ff477-12bd-494e-a357-fd5ea442b8f9")>
2020-11-28 17:47:49,591 - 20 - basepage.py - 228 - lemon - INFO - 在蜂群次页面_将鼠标移动到第一个蜂群上 将鼠标移动到('xpath', '//div[@class="cap_box"]//div[@class="top_single mg_left5"]')元素上
2020-11-28 17:47:49,856 - 20 - basepage.py - 236 - lemon - INFO - 鼠标移动到元素上操作成功
2020-11-28 17:47:49,856 - 20 - basepage.py - 44 - lemon - INFO - 在蜂群次页面_点击【查看蜂群】按钮 等待元素('xpath', '//div[@class="capital_tit"]/parent::*//div[@class="top_single mg_left5"]//a')可见
2020-11-28 17:47:49,885 - 20 - basepage.py - 52 - lemon - INFO - ('xpath', '//div[@class="capital_tit"]/parent::*//div[@class="top_single mg_left5"]//a')元素可见
2020-11-28 17:47:49,885 - 20 - basepage.py - 100 - lemon - INFO - 在蜂群次页面_点击【查看蜂群】按钮 点击('xpath', '//div[@class="capital_tit"]/parent::*//div[@class="top_single mg_left5"]//a')元素
2020-11-28 17:47:49,990 - 20 - basepage.py - 108 - lemon - INFO - 点击('xpath', '//div[@class="capital_tit"]/parent::*//div[@class="top_single mg_left5"]//a')元素成功
2020-11-28 17:47:50,001 - 20 - basepage.py - 266 - lemon - INFO - 在蜂群次页面_切换窗口 进行切换窗口
2020-11-28 17:47:50,011 - 20 - basepage.py - 274 - lemon - INFO - 切换窗口成功
2020-11-28 17:47:50,011 - 20 - basepage.py - 44 - lemon - INFO - 在蜂群主页面_获取公产规模 等待元素('xpath', '//div[@class="examine_info_right examine_info_border width_div150"]//div')可见
2020-11-28 17:47:52,059 - 20 - basepage.py - 52 - lemon - INFO - ('xpath', '//div[@class="examine_info_right examine_info_border width_div150"]//div')元素可见
2020-11-28 17:47:52,059 - 20 - basepage.py - 164 - lemon - INFO - 在蜂群主页面_获取公产规模 获取('xpath', '//div[@class="examine_info_right examine_info_border width_div150"]//div')元素的文本值
2020-11-28 17:47:52,084 - 20 - basepage.py - 172 - lemon - INFO - 该元素的文本值为：111.00元
2020-11-28 17:47:52,084 - 20 - basepage.py - 44 - lemon - INFO - 在蜂群主页面_点击【敲门红包】 等待元素('xpath', '//button[@class="red_packet"]')可见
2020-11-28 17:47:52,109 - 20 - basepage.py - 52 - lemon - INFO - ('xpath', '//button[@class="red_packet"]')元素可见
2020-11-28 17:47:52,109 - 20 - basepage.py - 100 - lemon - INFO - 在蜂群主页面_点击【敲门红包】 点击('xpath', '//button[@class="red_packet"]')元素
2020-11-28 17:47:52,161 - 20 - basepage.py - 108 - lemon - INFO - 点击('xpath', '//button[@class="red_packet"]')元素成功
2020-11-28 17:47:52,161 - 20 - basepage.py - 44 - lemon - INFO - 在蜂群主页面_选择五元红包 等待元素('xpath', '//div[@id="layui-layer1"]//div[@data-value="5"]')可见
2020-11-28 17:47:52,701 - 20 - basepage.py - 52 - lemon - INFO - ('xpath', '//div[@id="layui-layer1"]//div[@data-value="5"]')元素可见
2020-11-28 17:47:52,701 - 20 - basepage.py - 100 - lemon - INFO - 在蜂群主页面_选择五元红包 点击('xpath', '//div[@id="layui-layer1"]//div[@data-value="5"]')元素
2020-11-28 17:47:52,751 - 20 - basepage.py - 108 - lemon - INFO - 点击('xpath', '//div[@id="layui-layer1"]//div[@data-value="5"]')元素成功
2020-11-28 17:47:52,751 - 20 - basepage.py - 44 - lemon - INFO - 在蜂群主页面_点击【确定】按钮发送红包 等待元素('xpath', '//div[@id="layui-layer1"]//button[@class="reward_ok btn btn-special"]')可见
2020-11-28 17:47:52,777 - 20 - basepage.py - 52 - lemon - INFO - ('xpath', '//div[@id="layui-layer1"]//button[@class="reward_ok btn btn-special"]')元素可见
2020-11-28 17:47:52,778 - 20 - basepage.py - 100 - lemon - INFO - 在蜂群主页面_点击【确定】按钮发送红包 点击('xpath', '//div[@id="layui-layer1"]//button[@class="reward_ok btn btn-special"]')元素
2020-11-28 17:47:52,827 - 20 - basepage.py - 108 - lemon - INFO - 点击('xpath', '//div[@id="layui-layer1"]//button[@class="reward_ok btn btn-special"]')元素成功
2020-11-28 17:47:52,827 - 20 - basepage.py - 44 - lemon - INFO - 在蜂群主页面_获取发送红包后的提示 等待元素('xpath', '//div[@id="layui-layer8"]//div[@class="layui-layer-content"]')可见
2020-11-28 17:48:33,776 - 20 - basepage.py - 214 - lemon - INFO - 当前截图存储在:e:\github\web_auto_frame_study\recode\screenshot\蜂群主页面_获取发送红包后的提示_20-11-28 17_48_12.png
2020-11-28 17:48:33,776 - 40 - basepage.py - 49 - lemon - ERROR - 等待('xpath', '//div[@id="layui-layer8"]//div[@class="layui-layer-content"]')元素可见失败
Traceback (most recent call last):
  File "e:\github\web_auto_frame_study\common\basepage.py", line 46, in wait_ele_visible
    WebDriverWait(self.driver,timeout,poll_time).until(EC.visibility_of_element_located(loc))
  File "E:\Python3.8\lib\site-packages\selenium\webdriver\support\wait.py", line 80, in until
    raise TimeoutException(message, screen, stacktrace)
selenium.common.exceptions.TimeoutException: Message: 

2020-11-28 17:48:33,777 - 20 - test_bee.py - 46 - lemon - INFO - **********测试用例结束***********
