2020-12-11 16:55:27,666 - 20 - conftest.py - 19 - lemon - INFO - *********测试用例开始执行***********
2020-12-11 16:55:35,242 - 20 - basepage.py - 43 - lemon - INFO - 在登陆页面_账号框 等待元素('xpath', '//input[@name="phone"]')可见
2020-12-11 16:55:35,283 - 20 - basepage.py - 51 - lemon - INFO - ('xpath', '//input[@name="phone"]')元素可见
2020-12-11 16:55:35,283 - 20 - basepage.py - 120 - lemon - INFO - 在登陆页面_账号框 的文本框('xpath', '//input[@name="phone"]')进行输入
2020-12-11 16:55:35,530 - 20 - basepage.py - 128 - lemon - INFO - 输入的内容为：18684720553
2020-12-11 16:55:35,530 - 20 - basepage.py - 43 - lemon - INFO - 在登陆页面_密码框 等待元素('xpath', '//input[@name="password"]')可见
2020-12-11 16:55:35,560 - 20 - basepage.py - 51 - lemon - INFO - ('xpath', '//input[@name="password"]')元素可见
2020-12-11 16:55:35,560 - 20 - basepage.py - 120 - lemon - INFO - 在登陆页面_密码框 的文本框('xpath', '//input[@name="password"]')进行输入
2020-12-11 16:55:35,648 - 20 - basepage.py - 128 - lemon - INFO - 输入的内容为：python
2020-12-11 16:55:35,648 - 20 - basepage.py - 43 - lemon - INFO - 在登陆页面_登录按钮 等待元素('tag name', 'button')可见
2020-12-11 16:55:35,672 - 20 - basepage.py - 51 - lemon - INFO - ('tag name', 'button')元素可见
2020-12-11 16:55:35,672 - 20 - basepage.py - 99 - lemon - INFO - 在登陆页面_登录按钮 点击('tag name', 'button')元素
2020-12-11 16:55:35,720 - 20 - basepage.py - 107 - lemon - INFO - 点击('tag name', 'button')元素成功
2020-12-11 16:55:35,721 - 20 - basepage.py - 43 - lemon - INFO - 在前程贷主页_对第一个标进行点击 等待元素('xpath', '//div[@class="b-unit-list clearfix"]//div[@class="b-unit"][1]//a[text()="抢投标"]')可见
2020-12-11 16:55:38,006 - 20 - basepage.py - 51 - lemon - INFO - ('xpath', '//div[@class="b-unit-list clearfix"]//div[@class="b-unit"][1]//a[text()="抢投标"]')元素可见
2020-12-11 16:55:38,006 - 20 - basepage.py - 99 - lemon - INFO - 在前程贷主页_对第一个标进行点击 点击('xpath', '//div[@class="b-unit-list clearfix"]//div[@class="b-unit"][1]//a[text()="抢投标"]')元素
2020-12-11 16:55:42,713 - 20 - basepage.py - 107 - lemon - INFO - 点击('xpath', '//div[@class="b-unit-list clearfix"]//div[@class="b-unit"][1]//a[text()="抢投标"]')元素成功
2020-12-11 16:55:42,713 - 20 - basepage.py - 43 - lemon - INFO - 在投资页面_获取用户余额 等待元素('xpath', '//div[@class="clearfix left"]//input')可见
2020-12-11 16:55:42,746 - 20 - basepage.py - 51 - lemon - INFO - ('xpath', '//div[@class="clearfix left"]//input')元素可见
2020-12-11 16:55:42,747 - 20 - basepage.py - 142 - lemon - INFO - 在投资页面_获取用户余额 获取('xpath', '//div[@class="clearfix left"]//input')元素的属性
2020-12-11 16:55:42,768 - 20 - basepage.py - 150 - lemon - INFO - 该元素的属性值为:4924908877.98
2020-12-11 16:55:42,768 - 20 - basepage.py - 43 - lemon - INFO - 在投资页面_点击【蜂群/公社】 等待元素('xpath', '//a[text()="蜂群/公社"]')可见
2020-12-11 16:55:42,796 - 20 - basepage.py - 51 - lemon - INFO - ('xpath', '//a[text()="蜂群/公社"]')元素可见
2020-12-11 16:55:42,796 - 20 - basepage.py - 99 - lemon - INFO - 在投资页面_点击【蜂群/公社】 点击('xpath', '//a[text()="蜂群/公社"]')元素
2020-12-11 16:55:44,034 - 20 - basepage.py - 107 - lemon - INFO - 点击('xpath', '//a[text()="蜂群/公社"]')元素成功
2020-12-11 16:55:44,034 - 20 - basepage.py - 43 - lemon - INFO - 在蜂群次页面_将鼠标移动到第一个蜂群上 等待元素('xpath', '//div[@class="cap_box"]//div[@class="top_single mg_left5"]')可见
2020-12-11 16:55:44,066 - 20 - basepage.py - 51 - lemon - INFO - ('xpath', '//div[@class="cap_box"]//div[@class="top_single mg_left5"]')元素可见
2020-12-11 16:55:44,066 - 20 - basepage.py - 59 - lemon - INFO - 在蜂群次页面_将鼠标移动到第一个蜂群上 查找('xpath', '//div[@class="cap_box"]//div[@class="top_single mg_left5"]')元素
2020-12-11 16:55:44,075 - 20 - basepage.py - 67 - lemon - INFO - ('xpath', '//div[@class="cap_box"]//div[@class="top_single mg_left5"]')元素找到，返回值为：<selenium.webdriver.remote.webelement.WebElement (session="ad027268862d03c891253ef0b1c89d8c", element="ea143963-e2c4-47a8-aa35-948286173639")>
2020-12-11 16:55:44,075 - 20 - basepage.py - 227 - lemon - INFO - 在蜂群次页面_将鼠标移动到第一个蜂群上 将鼠标移动到('xpath', '//div[@class="cap_box"]//div[@class="top_single mg_left5"]')元素上
2020-12-11 16:55:44,343 - 20 - basepage.py - 235 - lemon - INFO - 鼠标移动到元素上操作成功
2020-12-11 16:55:44,343 - 20 - basepage.py - 43 - lemon - INFO - 在蜂群次页面_点击【查看蜂群】按钮 等待元素('xpath', '//div[@class="capital_tit"]/parent::*//div[@class="top_single mg_left5"]//a')可见
2020-12-11 16:55:44,368 - 20 - basepage.py - 51 - lemon - INFO - ('xpath', '//div[@class="capital_tit"]/parent::*//div[@class="top_single mg_left5"]//a')元素可见
2020-12-11 16:55:44,368 - 20 - basepage.py - 99 - lemon - INFO - 在蜂群次页面_点击【查看蜂群】按钮 点击('xpath', '//div[@class="capital_tit"]/parent::*//div[@class="top_single mg_left5"]//a')元素
2020-12-11 16:55:44,449 - 20 - basepage.py - 107 - lemon - INFO - 点击('xpath', '//div[@class="capital_tit"]/parent::*//div[@class="top_single mg_left5"]//a')元素成功
2020-12-11 16:55:44,457 - 20 - basepage.py - 265 - lemon - INFO - 在蜂群次页面_切换窗口 进行切换窗口
2020-12-11 16:55:44,468 - 20 - basepage.py - 273 - lemon - INFO - 切换窗口成功
2020-12-11 16:55:44,468 - 20 - basepage.py - 43 - lemon - INFO - 在蜂群主页面_获取公产规模 等待元素('xpath', '//div[@class="examine_info_right examine_info_border width_div150"]//div')可见
2020-12-11 16:55:46,505 - 20 - basepage.py - 51 - lemon - INFO - ('xpath', '//div[@class="examine_info_right examine_info_border width_div150"]//div')元素可见
2020-12-11 16:55:46,505 - 20 - basepage.py - 163 - lemon - INFO - 在蜂群主页面_获取公产规模 获取('xpath', '//div[@class="examine_info_right examine_info_border width_div150"]//div')元素的文本值
2020-12-11 16:55:46,525 - 20 - basepage.py - 171 - lemon - INFO - 该元素的文本值为：201.00元
2020-12-11 16:55:46,525 - 20 - basepage.py - 43 - lemon - INFO - 在蜂群主页面_点击【敲门红包】 等待元素('xpath', '//button[@class="red_packet"]')可见
2020-12-11 16:55:46,548 - 20 - basepage.py - 51 - lemon - INFO - ('xpath', '//button[@class="red_packet"]')元素可见
2020-12-11 16:55:46,548 - 20 - basepage.py - 99 - lemon - INFO - 在蜂群主页面_点击【敲门红包】 点击('xpath', '//button[@class="red_packet"]')元素
2020-12-11 16:55:46,592 - 20 - basepage.py - 107 - lemon - INFO - 点击('xpath', '//button[@class="red_packet"]')元素成功
2020-12-11 16:55:46,592 - 20 - basepage.py - 43 - lemon - INFO - 在蜂群主页面_选择五元红包 等待元素('xpath', '//div[@id="layui-layer1"]//div[@data-value="5"]')可见
2020-12-11 16:55:47,127 - 20 - basepage.py - 51 - lemon - INFO - ('xpath', '//div[@id="layui-layer1"]//div[@data-value="5"]')元素可见
2020-12-11 16:55:47,127 - 20 - basepage.py - 99 - lemon - INFO - 在蜂群主页面_选择五元红包 点击('xpath', '//div[@id="layui-layer1"]//div[@data-value="5"]')元素
2020-12-11 16:55:47,169 - 20 - basepage.py - 107 - lemon - INFO - 点击('xpath', '//div[@id="layui-layer1"]//div[@data-value="5"]')元素成功
2020-12-11 16:55:47,169 - 20 - basepage.py - 43 - lemon - INFO - 在蜂群主页面_点击【确定】按钮发送红包 等待元素('xpath', '//div[@id="layui-layer1"]//button[@class="reward_ok btn btn-special"]')可见
2020-12-11 16:55:47,192 - 20 - basepage.py - 51 - lemon - INFO - ('xpath', '//div[@id="layui-layer1"]//button[@class="reward_ok btn btn-special"]')元素可见
2020-12-11 16:55:47,192 - 20 - basepage.py - 99 - lemon - INFO - 在蜂群主页面_点击【确定】按钮发送红包 点击('xpath', '//div[@id="layui-layer1"]//button[@class="reward_ok btn btn-special"]')元素
2020-12-11 16:55:47,233 - 20 - basepage.py - 107 - lemon - INFO - 点击('xpath', '//div[@id="layui-layer1"]//button[@class="reward_ok btn btn-special"]')元素成功
2020-12-11 16:55:47,734 - 20 - basepage.py - 43 - lemon - INFO - 在蜂群主页面_获取发送红包后的提示 等待元素('xpath', '//div[@class="layui-layer-content"]')可见
2020-12-11 16:55:47,758 - 20 - basepage.py - 51 - lemon - INFO - ('xpath', '//div[@class="layui-layer-content"]')元素可见
2020-12-11 16:55:47,758 - 20 - basepage.py - 163 - lemon - INFO - 在蜂群主页面_获取发送红包后的提示 获取('xpath', '//div[@class="layui-layer-content"]')元素的文本值
2020-12-11 16:55:47,780 - 20 - basepage.py - 171 - lemon - INFO - 该元素的文本值为：打赏成功
2020-12-11 16:55:48,364 - 20 - basepage.py - 43 - lemon - INFO - 在蜂群主页面_获取公产规模 等待元素('xpath', '//div[@class="examine_info_right examine_info_border width_div150"]//div')可见
2020-12-11 16:55:48,390 - 20 - basepage.py - 51 - lemon - INFO - ('xpath', '//div[@class="examine_info_right examine_info_border width_div150"]//div')元素可见
2020-12-11 16:55:48,390 - 20 - basepage.py - 163 - lemon - INFO - 在蜂群主页面_获取公产规模 获取('xpath', '//div[@class="examine_info_right examine_info_border width_div150"]//div')元素的文本值
2020-12-11 16:55:48,414 - 20 - basepage.py - 171 - lemon - INFO - 该元素的文本值为：206.00元
2020-12-11 16:55:48,414 - 20 - basepage.py - 43 - lemon - INFO - 在蜂群主页面_点击【申请加入】 等待元素('xpath', '//button[@class="apply_join"]')可见
2020-12-11 16:55:48,440 - 20 - basepage.py - 51 - lemon - INFO - ('xpath', '//button[@class="apply_join"]')元素可见
2020-12-11 16:55:48,440 - 20 - basepage.py - 99 - lemon - INFO - 在蜂群主页面_点击【申请加入】 点击('xpath', '//button[@class="apply_join"]')元素
2020-12-11 16:55:48,491 - 20 - basepage.py - 107 - lemon - INFO - 点击('xpath', '//button[@class="apply_join"]')元素成功
2020-12-11 16:55:48,491 - 20 - basepage.py - 43 - lemon - INFO - 在蜂群主页面_点击【确定】申请加入蜂群 等待元素('xpath', '//a[@class="layui-layer-btn0"]')可见
2020-12-11 16:55:49,034 - 20 - basepage.py - 51 - lemon - INFO - ('xpath', '//a[@class="layui-layer-btn0"]')元素可见
2020-12-11 16:55:49,035 - 20 - basepage.py - 99 - lemon - INFO - 在蜂群主页面_点击【确定】申请加入蜂群 点击('xpath', '//a[@class="layui-layer-btn0"]')元素
2020-12-11 16:55:49,075 - 20 - basepage.py - 107 - lemon - INFO - 点击('xpath', '//a[@class="layui-layer-btn0"]')元素成功
2020-12-11 16:55:49,575 - 20 - basepage.py - 43 - lemon - INFO - 在蜂群主页面_获取申请加入后的提示 等待元素('xpath', '//div[@class="layui-layer-content"]')可见
2020-12-11 16:55:49,596 - 20 - basepage.py - 51 - lemon - INFO - ('xpath', '//div[@class="layui-layer-content"]')元素可见
2020-12-11 16:55:49,596 - 20 - basepage.py - 163 - lemon - INFO - 在蜂群主页面_获取申请加入后的提示 获取('xpath', '//div[@class="layui-layer-content"]')元素的文本值
2020-12-11 16:55:49,618 - 20 - basepage.py - 171 - lemon - INFO - 该元素的文本值为：您已申请加入蜂群
九重天
您将有3天时间等待群主审核
2020-12-11 16:55:49,618 - 20 - basepage.py - 43 - lemon - INFO - 在蜂群主页面_点击首页按钮 等待元素('xpath', '//div[@class="navlist clearfix fs-18"]//a[text()="首页"]')可见
2020-12-11 16:55:49,640 - 20 - basepage.py - 51 - lemon - INFO - ('xpath', '//div[@class="navlist clearfix fs-18"]//a[text()="首页"]')元素可见
2020-12-11 16:55:49,640 - 20 - basepage.py - 99 - lemon - INFO - 在蜂群主页面_点击首页按钮 点击('xpath', '//div[@class="navlist clearfix fs-18"]//a[text()="首页"]')元素
2020-12-11 16:55:51,199 - 20 - basepage.py - 213 - lemon - INFO - 当前截图存储在:e:\github\web_auto_frame_study\recode\screenshot\蜂群主页面_点击首页按钮_20-12-11 16_55_50.png
2020-12-11 16:55:51,199 - 40 - basepage.py - 104 - lemon - ERROR - 点击元素('xpath', '//div[@class="navlist clearfix fs-18"]//a[text()="首页"]')失败
Traceback (most recent call last):
  File "e:\github\web_auto_frame_study\common\basepage.py", line 101, in click_ele
    self.driver.find_element(*loc).click()
  File "E:\Python3.8\lib\site-packages\selenium\webdriver\remote\webelement.py", line 80, in click
    self._execute(Command.CLICK_ELEMENT)
  File "E:\Python3.8\lib\site-packages\selenium\webdriver\remote\webelement.py", line 633, in _execute
    return self._parent.execute(command, params)
  File "E:\Python3.8\lib\site-packages\selenium\webdriver\remote\webdriver.py", line 321, in execute
    self.error_handler.check_response(response)
  File "E:\Python3.8\lib\site-packages\selenium\webdriver\remote\errorhandler.py", line 242, in check_response
    raise exception_class(message, screen, stacktrace)
selenium.common.exceptions.ElementClickInterceptedException: Message: element click intercepted: Element <a href="http://120.78.128.25:8765/Index/index.html">...</a> is not clickable at point (792, 127). Other element would receive the click: <div class="layui-layer-shade" id="layui-layer-shade2" times="2" style="z-index:19891015; background-color:#000; opacity:0.3; filter:alpha(opacity=30);"></div>
  (Session info: chrome=87.0.4280.88)

2020-12-11 16:55:51,438 - 20 - conftest.py - 25 - lemon - INFO - *********测试用例执行结束***********
2020-12-11 16:55:58,217 - 20 - basepage.py - 43 - lemon - INFO - 在登陆页面_账号框 等待元素('xpath', '//input[@name="phone"]')可见
2020-12-11 16:55:58,247 - 20 - basepage.py - 51 - lemon - INFO - ('xpath', '//input[@name="phone"]')元素可见
2020-12-11 16:55:58,247 - 20 - basepage.py - 120 - lemon - INFO - 在登陆页面_账号框 的文本框('xpath', '//input[@name="phone"]')进行输入
2020-12-11 16:55:58,356 - 20 - basepage.py - 128 - lemon - INFO - 输入的内容为：18684720553
2020-12-11 16:55:58,356 - 20 - basepage.py - 43 - lemon - INFO - 在登陆页面_密码框 等待元素('xpath', '//input[@name="password"]')可见
2020-12-11 16:55:58,390 - 20 - basepage.py - 51 - lemon - INFO - ('xpath', '//input[@name="password"]')元素可见
2020-12-11 16:55:58,390 - 20 - basepage.py - 120 - lemon - INFO - 在登陆页面_密码框 的文本框('xpath', '//input[@name="password"]')进行输入
2020-12-11 16:55:58,471 - 20 - basepage.py - 128 - lemon - INFO - 输入的内容为：python
2020-12-11 16:55:58,471 - 20 - basepage.py - 43 - lemon - INFO - 在登陆页面_登录按钮 等待元素('tag name', 'button')可见
2020-12-11 16:55:58,497 - 20 - basepage.py - 51 - lemon - INFO - ('tag name', 'button')元素可见
2020-12-11 16:55:58,497 - 20 - basepage.py - 99 - lemon - INFO - 在登陆页面_登录按钮 点击('tag name', 'button')元素
2020-12-11 16:55:58,555 - 20 - basepage.py - 107 - lemon - INFO - 点击('tag name', 'button')元素成功
2020-12-11 16:55:58,555 - 20 - basepage.py - 43 - lemon - INFO - 在前程贷主页_点击【个人中心】按钮 等待元素('xpath', '//img[@class="mr-5"]')可见
2020-12-11 16:56:01,199 - 20 - basepage.py - 51 - lemon - INFO - ('xpath', '//img[@class="mr-5"]')元素可见
2020-12-11 16:56:01,200 - 20 - basepage.py - 99 - lemon - INFO - 在前程贷主页_点击【个人中心】按钮 点击('xpath', '//img[@class="mr-5"]')元素
2020-12-11 16:56:28,755 - 20 - basepage.py - 107 - lemon - INFO - 点击('xpath', '//img[@class="mr-5"]')元素成功
2020-12-11 16:56:28,755 - 20 - basepage.py - 43 - lemon - INFO - 在个人中心_获取用户余额 等待元素('xpath', '//li[@class="color_sub"]')可见
2020-12-11 16:56:28,790 - 20 - basepage.py - 51 - lemon - INFO - ('xpath', '//li[@class="color_sub"]')元素可见
2020-12-11 16:56:28,790 - 20 - basepage.py - 163 - lemon - INFO - 在个人中心_获取用户余额 获取('xpath', '//li[@class="color_sub"]')元素的文本值
2020-12-11 16:56:28,814 - 20 - basepage.py - 171 - lemon - INFO - 该元素的文本值为：4924908872.98元
2020-12-11 16:56:30,131 - 20 - basepage.py - 43 - lemon - INFO - 在前程贷主页_对第一个标进行点击 等待元素('xpath', '//div[@class="b-unit-list clearfix"]//div[@class="b-unit"][1]//a[text()="抢投标"]')可见
2020-12-11 16:56:30,164 - 20 - basepage.py - 51 - lemon - INFO - ('xpath', '//div[@class="b-unit-list clearfix"]//div[@class="b-unit"][1]//a[text()="抢投标"]')元素可见
2020-12-11 16:56:30,164 - 20 - basepage.py - 99 - lemon - INFO - 在前程贷主页_对第一个标进行点击 点击('xpath', '//div[@class="b-unit-list clearfix"]//div[@class="b-unit"][1]//a[text()="抢投标"]')元素
2020-12-11 16:56:34,963 - 20 - basepage.py - 107 - lemon - INFO - 点击('xpath', '//div[@class="b-unit-list clearfix"]//div[@class="b-unit"][1]//a[text()="抢投标"]')元素成功
2020-12-11 16:56:34,963 - 20 - basepage.py - 43 - lemon - INFO - 在投资页面_获取标的剩余投资金额 等待元素('xpath', '//span[@class="mo_span4"]')可见
2020-12-11 16:56:34,990 - 20 - basepage.py - 51 - lemon - INFO - ('xpath', '//span[@class="mo_span4"]')元素可见
2020-12-11 16:56:34,990 - 20 - basepage.py - 163 - lemon - INFO - 在投资页面_获取标的剩余投资金额 获取('xpath', '//span[@class="mo_span4"]')元素的文本值
2020-12-11 16:56:35,014 - 20 - basepage.py - 171 - lemon - INFO - 该元素的文本值为：29.17
2020-12-11 16:56:35,014 - 20 - basepage.py - 43 - lemon - INFO - 在投资页面_输入投资金额 等待元素('xpath', '//div[@class="clearfix left"]//input')可见
2020-12-11 16:56:35,038 - 20 - basepage.py - 51 - lemon - INFO - ('xpath', '//div[@class="clearfix left"]//input')元素可见
2020-12-11 16:56:35,038 - 20 - basepage.py - 120 - lemon - INFO - 在投资页面_输入投资金额 的文本框('xpath', '//div[@class="clearfix left"]//input')进行输入
2020-12-11 16:56:35,105 - 20 - basepage.py - 128 - lemon - INFO - 输入的内容为：2000
2020-12-11 16:56:35,105 - 20 - basepage.py - 43 - lemon - INFO - 在投资页面_点击投标按钮 等待元素('xpath', "//button[text()='投标']")可见
2020-12-11 16:56:35,132 - 20 - basepage.py - 51 - lemon - INFO - ('xpath', "//button[text()='投标']")元素可见
2020-12-11 16:56:35,132 - 20 - basepage.py - 99 - lemon - INFO - 在投资页面_点击投标按钮 点击('xpath', "//button[text()='投标']")元素
2020-12-11 16:56:35,181 - 20 - basepage.py - 107 - lemon - INFO - 点击('xpath', "//button[text()='投标']")元素成功
2020-12-11 16:56:35,181 - 20 - basepage.py - 43 - lemon - INFO - 在投资页面_点击【查看并激活】按钮 等待元素('xpath', '//div[@class="layui-layer-content"]//button[contains(text(),"查看")]')可见
2020-12-11 16:56:35,720 - 20 - basepage.py - 51 - lemon - INFO - ('xpath', '//div[@class="layui-layer-content"]//button[contains(text(),"查看")]')元素可见
2020-12-11 16:56:35,720 - 20 - basepage.py - 99 - lemon - INFO - 在投资页面_点击【查看并激活】按钮 点击('xpath', '//div[@class="layui-layer-content"]//button[contains(text(),"查看")]')元素
2020-12-11 16:57:02,984 - 20 - basepage.py - 107 - lemon - INFO - 点击('xpath', '//div[@class="layui-layer-content"]//button[contains(text(),"查看")]')元素成功
2020-12-11 16:57:02,984 - 20 - basepage.py - 43 - lemon - INFO - 在个人中心_获取用户余额 等待元素('xpath', '//li[@class="color_sub"]')可见
2020-12-11 16:57:03,019 - 20 - basepage.py - 51 - lemon - INFO - ('xpath', '//li[@class="color_sub"]')元素可见
2020-12-11 16:57:03,019 - 20 - basepage.py - 163 - lemon - INFO - 在个人中心_获取用户余额 获取('xpath', '//li[@class="color_sub"]')元素的文本值
2020-12-11 16:57:03,041 - 20 - basepage.py - 171 - lemon - INFO - 该元素的文本值为：4924906872.98元
2020-12-11 16:57:07,490 - 20 - basepage.py - 43 - lemon - INFO - 在投资页面_获取标的剩余投资金额 等待元素('xpath', '//span[@class="mo_span4"]')可见
2020-12-11 16:57:07,515 - 20 - basepage.py - 51 - lemon - INFO - ('xpath', '//span[@class="mo_span4"]')元素可见
2020-12-11 16:57:07,515 - 20 - basepage.py - 163 - lemon - INFO - 在投资页面_获取标的剩余投资金额 获取('xpath', '//span[@class="mo_span4"]')元素的文本值
2020-12-11 16:57:07,538 - 20 - basepage.py - 171 - lemon - INFO - 该元素的文本值为：28.97
2020-12-11 16:57:07,645 - 20 - test_invest.py - 85 - lemon - INFO - pass
2020-12-11 16:57:07,685 - 20 - test_login.py - 34 - lemon - INFO - ********登录测试用例前置条件***************
2020-12-11 16:57:14,568 - 20 - test_login.py - 59 - lemon - INFO - *************登录失败场景1用例*************
2020-12-11 16:57:14,568 - 20 - basepage.py - 43 - lemon - INFO - 在登陆页面_账号框 等待元素('xpath', '//input[@name="phone"]')可见
2020-12-11 16:57:14,606 - 20 - basepage.py - 51 - lemon - INFO - ('xpath', '//input[@name="phone"]')元素可见
2020-12-11 16:57:14,606 - 20 - basepage.py - 120 - lemon - INFO - 在登陆页面_账号框 的文本框('xpath', '//input[@name="phone"]')进行输入
2020-12-11 16:57:14,672 - 20 - basepage.py - 128 - lemon - INFO - 输入的内容为：
2020-12-11 16:57:14,672 - 20 - basepage.py - 43 - lemon - INFO - 在登陆页面_密码框 等待元素('xpath', '//input[@name="password"]')可见
2020-12-11 16:57:14,704 - 20 - basepage.py - 51 - lemon - INFO - ('xpath', '//input[@name="password"]')元素可见
2020-12-11 16:57:14,704 - 20 - basepage.py - 120 - lemon - INFO - 在登陆页面_密码框 的文本框('xpath', '//input[@name="password"]')进行输入
2020-12-11 16:57:14,796 - 20 - basepage.py - 128 - lemon - INFO - 输入的内容为：python
2020-12-11 16:57:14,797 - 20 - basepage.py - 43 - lemon - INFO - 在登陆页面_登录按钮 等待元素('tag name', 'button')可见
2020-12-11 16:57:14,824 - 20 - basepage.py - 51 - lemon - INFO - ('tag name', 'button')元素可见
2020-12-11 16:57:14,824 - 20 - basepage.py - 99 - lemon - INFO - 在登陆页面_登录按钮 点击('tag name', 'button')元素
2020-12-11 16:57:14,889 - 20 - basepage.py - 107 - lemon - INFO - 点击('tag name', 'button')元素成功
2020-12-11 16:57:14,889 - 20 - basepage.py - 43 - lemon - INFO - 在登陆页面_失败文本1 等待元素('xpath', '//div[@class="form-error-info"]')可见
2020-12-11 16:57:14,914 - 20 - basepage.py - 51 - lemon - INFO - ('xpath', '//div[@class="form-error-info"]')元素可见
2020-12-11 16:57:14,914 - 20 - basepage.py - 163 - lemon - INFO - 在登陆页面_失败文本1 获取('xpath', '//div[@class="form-error-info"]')元素的文本值
2020-12-11 16:57:14,937 - 20 - basepage.py - 171 - lemon - INFO - 该元素的文本值为：请输入手机号
2020-12-11 16:57:14,985 - 20 - test_login.py - 34 - lemon - INFO - ********登录测试用例前置条件***************
2020-12-11 16:57:21,602 - 20 - test_login.py - 59 - lemon - INFO - *************登录失败场景1用例*************
2020-12-11 16:57:21,602 - 20 - basepage.py - 43 - lemon - INFO - 在登陆页面_账号框 等待元素('xpath', '//input[@name="phone"]')可见
2020-12-11 16:57:21,632 - 20 - basepage.py - 51 - lemon - INFO - ('xpath', '//input[@name="phone"]')元素可见
2020-12-11 16:57:21,632 - 20 - basepage.py - 120 - lemon - INFO - 在登陆页面_账号框 的文本框('xpath', '//input[@name="phone"]')进行输入
2020-12-11 16:57:21,685 - 20 - basepage.py - 128 - lemon - INFO - 输入的内容为：
2020-12-11 16:57:21,685 - 20 - basepage.py - 43 - lemon - INFO - 在登陆页面_密码框 等待元素('xpath', '//input[@name="password"]')可见
2020-12-11 16:57:21,713 - 20 - basepage.py - 51 - lemon - INFO - ('xpath', '//input[@name="password"]')元素可见
2020-12-11 16:57:21,714 - 20 - basepage.py - 120 - lemon - INFO - 在登陆页面_密码框 的文本框('xpath', '//input[@name="password"]')进行输入
2020-12-11 16:57:21,772 - 20 - basepage.py - 128 - lemon - INFO - 输入的内容为：
2020-12-11 16:57:21,772 - 20 - basepage.py - 43 - lemon - INFO - 在登陆页面_登录按钮 等待元素('tag name', 'button')可见
2020-12-11 16:57:21,794 - 20 - basepage.py - 51 - lemon - INFO - ('tag name', 'button')元素可见
2020-12-11 16:57:21,794 - 20 - basepage.py - 99 - lemon - INFO - 在登陆页面_登录按钮 点击('tag name', 'button')元素
2020-12-11 16:57:21,850 - 20 - basepage.py - 107 - lemon - INFO - 点击('tag name', 'button')元素成功
2020-12-11 16:57:21,850 - 20 - basepage.py - 43 - lemon - INFO - 在登陆页面_失败文本1 等待元素('xpath', '//div[@class="form-error-info"]')可见
2020-12-11 16:57:21,873 - 20 - basepage.py - 51 - lemon - INFO - ('xpath', '//div[@class="form-error-info"]')元素可见
2020-12-11 16:57:21,873 - 20 - basepage.py - 163 - lemon - INFO - 在登陆页面_失败文本1 获取('xpath', '//div[@class="form-error-info"]')元素的文本值
2020-12-11 16:57:21,894 - 20 - basepage.py - 171 - lemon - INFO - 该元素的文本值为：请输入手机号
2020-12-11 16:57:26,086 - 20 - test_login.py - 34 - lemon - INFO - ********登录测试用例前置条件***************
2020-12-11 16:57:32,839 - 20 - test_login.py - 59 - lemon - INFO - *************登录失败场景1用例*************
2020-12-11 16:57:32,839 - 20 - basepage.py - 43 - lemon - INFO - 在登陆页面_账号框 等待元素('xpath', '//input[@name="phone"]')可见
2020-12-11 16:57:32,876 - 20 - basepage.py - 51 - lemon - INFO - ('xpath', '//input[@name="phone"]')元素可见
2020-12-11 16:57:32,877 - 20 - basepage.py - 120 - lemon - INFO - 在登陆页面_账号框 的文本框('xpath', '//input[@name="phone"]')进行输入
2020-12-11 16:57:32,968 - 20 - basepage.py - 128 - lemon - INFO - 输入的内容为：18684720553
2020-12-11 16:57:32,968 - 20 - basepage.py - 43 - lemon - INFO - 在登陆页面_密码框 等待元素('xpath', '//input[@name="password"]')可见
2020-12-11 16:57:32,999 - 20 - basepage.py - 51 - lemon - INFO - ('xpath', '//input[@name="password"]')元素可见
2020-12-11 16:57:32,999 - 20 - basepage.py - 120 - lemon - INFO - 在登陆页面_密码框 的文本框('xpath', '//input[@name="password"]')进行输入
2020-12-11 16:57:33,064 - 20 - basepage.py - 128 - lemon - INFO - 输入的内容为：
2020-12-11 16:57:33,064 - 20 - basepage.py - 43 - lemon - INFO - 在登陆页面_登录按钮 等待元素('tag name', 'button')可见
2020-12-11 16:57:33,091 - 20 - basepage.py - 51 - lemon - INFO - ('tag name', 'button')元素可见
2020-12-11 16:57:33,091 - 20 - basepage.py - 99 - lemon - INFO - 在登陆页面_登录按钮 点击('tag name', 'button')元素
2020-12-11 16:57:33,146 - 20 - basepage.py - 107 - lemon - INFO - 点击('tag name', 'button')元素成功
2020-12-11 16:57:33,146 - 20 - basepage.py - 43 - lemon - INFO - 在登陆页面_失败文本1 等待元素('xpath', '//div[@class="form-error-info"]')可见
2020-12-11 16:57:33,171 - 20 - basepage.py - 51 - lemon - INFO - ('xpath', '//div[@class="form-error-info"]')元素可见
2020-12-11 16:57:33,171 - 20 - basepage.py - 163 - lemon - INFO - 在登陆页面_失败文本1 获取('xpath', '//div[@class="form-error-info"]')元素的文本值
2020-12-11 16:57:33,200 - 20 - basepage.py - 171 - lemon - INFO - 该元素的文本值为：请输入密码
2020-12-11 16:57:33,237 - 20 - test_login.py - 34 - lemon - INFO - ********登录测试用例前置条件***************
2020-12-11 16:57:40,130 - 20 - test_login.py - 59 - lemon - INFO - *************登录失败场景1用例*************
2020-12-11 16:57:40,130 - 20 - basepage.py - 43 - lemon - INFO - 在登陆页面_账号框 等待元素('xpath', '//input[@name="phone"]')可见
2020-12-11 16:57:40,179 - 20 - basepage.py - 51 - lemon - INFO - ('xpath', '//input[@name="phone"]')元素可见
2020-12-11 16:57:40,179 - 20 - basepage.py - 120 - lemon - INFO - 在登陆页面_账号框 的文本框('xpath', '//input[@name="phone"]')进行输入
2020-12-11 16:57:40,259 - 20 - basepage.py - 128 - lemon - INFO - 输入的内容为：1868472055
2020-12-11 16:57:40,259 - 20 - basepage.py - 43 - lemon - INFO - 在登陆页面_密码框 等待元素('xpath', '//input[@name="password"]')可见
2020-12-11 16:57:40,285 - 20 - basepage.py - 51 - lemon - INFO - ('xpath', '//input[@name="password"]')元素可见
2020-12-11 16:57:40,285 - 20 - basepage.py - 120 - lemon - INFO - 在登陆页面_密码框 的文本框('xpath', '//input[@name="password"]')进行输入
2020-12-11 16:57:40,429 - 20 - basepage.py - 128 - lemon - INFO - 输入的内容为：python
2020-12-11 16:57:40,429 - 20 - basepage.py - 43 - lemon - INFO - 在登陆页面_登录按钮 等待元素('tag name', 'button')可见
2020-12-11 16:57:40,465 - 20 - basepage.py - 51 - lemon - INFO - ('tag name', 'button')元素可见
2020-12-11 16:57:40,466 - 20 - basepage.py - 99 - lemon - INFO - 在登陆页面_登录按钮 点击('tag name', 'button')元素
2020-12-11 16:57:40,566 - 20 - basepage.py - 107 - lemon - INFO - 点击('tag name', 'button')元素成功
2020-12-11 16:57:40,566 - 20 - basepage.py - 43 - lemon - INFO - 在登陆页面_失败文本1 等待元素('xpath', '//div[@class="form-error-info"]')可见
2020-12-11 16:57:40,589 - 20 - basepage.py - 51 - lemon - INFO - ('xpath', '//div[@class="form-error-info"]')元素可见
2020-12-11 16:57:40,589 - 20 - basepage.py - 163 - lemon - INFO - 在登陆页面_失败文本1 获取('xpath', '//div[@class="form-error-info"]')元素的文本值
2020-12-11 16:57:40,609 - 20 - basepage.py - 171 - lemon - INFO - 该元素的文本值为：请输入正确的手机号
2020-12-11 16:57:40,647 - 20 - test_login.py - 34 - lemon - INFO - ********登录测试用例前置条件***************
2020-12-11 16:57:47,745 - 20 - test_login.py - 74 - lemon - INFO - *************登录失败场景2用例***************
2020-12-11 16:57:47,745 - 20 - basepage.py - 43 - lemon - INFO - 在登陆页面_账号框 等待元素('xpath', '//input[@name="phone"]')可见
2020-12-11 16:57:47,783 - 20 - basepage.py - 51 - lemon - INFO - ('xpath', '//input[@name="phone"]')元素可见
2020-12-11 16:57:47,783 - 20 - basepage.py - 120 - lemon - INFO - 在登陆页面_账号框 的文本框('xpath', '//input[@name="phone"]')进行输入
2020-12-11 16:57:47,903 - 20 - basepage.py - 128 - lemon - INFO - 输入的内容为：17816094179
2020-12-11 16:57:47,903 - 20 - basepage.py - 43 - lemon - INFO - 在登陆页面_密码框 等待元素('xpath', '//input[@name="password"]')可见
2020-12-11 16:57:47,941 - 20 - basepage.py - 51 - lemon - INFO - ('xpath', '//input[@name="password"]')元素可见
2020-12-11 16:57:47,941 - 20 - basepage.py - 120 - lemon - INFO - 在登陆页面_密码框 的文本框('xpath', '//input[@name="password"]')进行输入
2020-12-11 16:57:48,040 - 20 - basepage.py - 128 - lemon - INFO - 输入的内容为：python
2020-12-11 16:57:48,040 - 20 - basepage.py - 43 - lemon - INFO - 在登陆页面_登录按钮 等待元素('tag name', 'button')可见
2020-12-11 16:57:48,067 - 20 - basepage.py - 51 - lemon - INFO - ('tag name', 'button')元素可见
2020-12-11 16:57:48,067 - 20 - basepage.py - 99 - lemon - INFO - 在登陆页面_登录按钮 点击('tag name', 'button')元素
2020-12-11 16:57:48,119 - 20 - basepage.py - 107 - lemon - INFO - 点击('tag name', 'button')元素成功
2020-12-11 16:57:48,119 - 20 - basepage.py - 43 - lemon - INFO - 在登陆页面_失败文本2 等待元素('xpath', '//div[@class="layui-layer-content"]')可见
2020-12-11 16:57:48,661 - 20 - basepage.py - 51 - lemon - INFO - ('xpath', '//div[@class="layui-layer-content"]')元素可见
2020-12-11 16:57:48,661 - 20 - basepage.py - 163 - lemon - INFO - 在登陆页面_失败文本2 获取('xpath', '//div[@class="layui-layer-content"]')元素的文本值
2020-12-11 16:57:48,686 - 20 - basepage.py - 171 - lemon - INFO - 该元素的文本值为：此账号没有经过授权，请联系管理员!
2020-12-11 16:57:48,772 - 20 - test_login.py - 34 - lemon - INFO - ********登录测试用例前置条件***************
2020-12-11 16:57:57,324 - 20 - test_login.py - 74 - lemon - INFO - *************登录失败场景2用例***************
2020-12-11 16:57:57,324 - 20 - basepage.py - 43 - lemon - INFO - 在登陆页面_账号框 等待元素('xpath', '//input[@name="phone"]')可见
2020-12-11 16:57:57,353 - 20 - basepage.py - 51 - lemon - INFO - ('xpath', '//input[@name="phone"]')元素可见
2020-12-11 16:57:57,353 - 20 - basepage.py - 120 - lemon - INFO - 在登陆页面_账号框 的文本框('xpath', '//input[@name="phone"]')进行输入
2020-12-11 16:57:57,441 - 20 - basepage.py - 128 - lemon - INFO - 输入的内容为：18684720553
2020-12-11 16:57:57,441 - 20 - basepage.py - 43 - lemon - INFO - 在登陆页面_密码框 等待元素('xpath', '//input[@name="password"]')可见
2020-12-11 16:57:57,476 - 20 - basepage.py - 51 - lemon - INFO - ('xpath', '//input[@name="password"]')元素可见
2020-12-11 16:57:57,476 - 20 - basepage.py - 120 - lemon - INFO - 在登陆页面_密码框 的文本框('xpath', '//input[@name="password"]')进行输入
2020-12-11 16:57:57,559 - 20 - basepage.py - 128 - lemon - INFO - 输入的内容为：pythonsas
2020-12-11 16:57:57,559 - 20 - basepage.py - 43 - lemon - INFO - 在登陆页面_登录按钮 等待元素('tag name', 'button')可见
2020-12-11 16:57:57,580 - 20 - basepage.py - 51 - lemon - INFO - ('tag name', 'button')元素可见
2020-12-11 16:57:57,580 - 20 - basepage.py - 99 - lemon - INFO - 在登陆页面_登录按钮 点击('tag name', 'button')元素
2020-12-11 16:57:57,635 - 20 - basepage.py - 107 - lemon - INFO - 点击('tag name', 'button')元素成功
2020-12-11 16:57:57,635 - 20 - basepage.py - 43 - lemon - INFO - 在登陆页面_失败文本2 等待元素('xpath', '//div[@class="layui-layer-content"]')可见
